#
# A fatal error has been detected by the Java Runtime Environment:
#
#  EXCEPTION_ACCESS_VIOLATION (0xc0000005) at pc=0x00007ff9d1536700, pid=10564, tid=12460
#
# JRE version: OpenJDK Runtime Environment (11.0.6+8) (build 11.0.6+8-b520.43)
# Java VM: OpenJDK 64-Bit Server VM (11.0.6+8-b520.43, mixed mode, tiered, compressed oops, g1 gc, windows-amd64)
# Problematic frame:
# C  [glass.dll+0x26700]
#
# No core dump will be written. Minidumps are not enabled by default on client versions of Windows
#
# If you would like to submit a bug report, please visit:
#   http://bugreport.java.com/bugreport/crash.jsp
#

---------------  S U M M A R Y ------------

Command Line: -Dfile.encoding=windows-1252 -Duser.country=GB -Duser.language=en -Duser.variant oop.PeaklassProov

Host: Intel(R) Core(TM) i7-3687U CPU @ 2.10GHz, 4 cores, 7G,  Windows 10 , 64 bit Build 17763 (10.0.17763.1158)
Time: Sun May  3 01:18:50 2020 FLE Summer Time elapsed time: 14 seconds (0d 0h 0m 14s)

---------------  T H R E A D  ---------------

Current thread (0x000002227c08a000):  VMThread "VM Thread" [stack: 0x000000c304300000,0x000000c304400000] [id=12460]

Stack: [0x000000c304300000,0x000000c304400000],  sp=0x000000c3043fef40,  free space=1019k
Native frames: (J=compiled Java code, j=interpreted, Vv=VM code, C=native code)
C  [glass.dll+0x26700]


siginfo: EXCEPTION_ACCESS_VIOLATION (0xc0000005), reading address 0x0000000000000000


Register to memory mapping:

RIP=0x00007ff9d1536700 glass.dll
RAX=0x0 is NULL
RBX=0x000002227c0939b0 is a global jni handle
RCX=0x000002227c08a000 points into unknown readable memory: b8 8c 1e af f9 7f 00 00
RDX=0x000000c3043fef40 points into unknown readable memory: 00 00 00 00 00 00 00 00
RSP=0x000000c3043fef40 points into unknown readable memory: 00 00 00 00 00 00 00 00
RBP=0x000002227cf427f8 points into unknown readable memory: d1 eb 0c f9 4d ef 00 00
RSI=0x000002227cf427d0 points into unknown readable memory: d1 eb 74 95 eb 4d f3 ff
RDI=0x0000ef4df90cebd1 is an unknown value
R8 =0x0000000000010002 is an unknown value
R9 =0x0000ef4df90cebd1 is an unknown value
R10=
[error occurred during error reporting (printing register info), id 0xc0000005, EXCEPTION_ACCESS_VIOLATION (0xc0000005) at pc=0x00007ff9aec36ce7]

Registers:
RAX=0x0000000000000000, RBX=0x000002227c0939b0, RCX=0x000002227c08a000, RDX=0x000000c3043fef40
RSP=0x000000c3043fef40, RBP=0x000002227cf427f8, RSI=0x000002227cf427d0, RDI=0x0000ef4df90cebd1
R8 =0x0000000000010002, R9 =0x0000ef4df90cebd1, R10=0x00000000ffffffff, R11=0x000000c3043fee50
R12=0x00007ff9d1533b54, R13=0x00007ff9af3804b0, R14=0x000000c3043ff048, R15=0x000002227cf427d0
RIP=0x00007ff9d1536700, EFLAGS=0x0000000000010202

Top of Stack: (sp=0x000000c3043fef40)
0x000000c3043fef40:   0000000000000000 00007ffa06f6c7eb
0x000000c3043fef50:   000002227cf427e0 0000022200000000
0x000000c3043fef60:   fffffffffffffffe 00007ff9d154a1a0
0x000000c3043fef70:   000002227cf427d8 00007ffa06f73e26
0x000000c3043fef80:   000002227cf427e0 0000022200000000
0x000000c3043fef90:   0000000000000000 00007ffa06f70f54
0x000000c3043fefa0:   fffffffffffffffe 0000000000000001
0x000000c3043fefb0:   0000000000000001 00007ff9d1510000
0x000000c3043fefc0:   000000c3043ff038 00007ffa06f73d4b
0x000000c3043fefd0:   0000000000000000 000000c3043ff048
0x000000c3043fefe0:   000000c3043ff300 00007ffa0704c130
0x000000c3043feff0:   0000000000000000 00007ffa06f73d04
0x000000c3043ff000:   0000000000000000 0000000000000001
0x000000c3043ff010:   000000000000000d 000000c3043ff038
0x000000c3043ff020:   0000000000000000 00007ff9d15339e2
0x000000c3043ff030:   00007ff9d154d108 0000022200000002 

Instructions: (pc=0x00007ff9d1536700)
0x00007ff9d1536600:   8b 4d 60 e8 58 c9 ff ff 48 8b 55 68 48 8b 8d 08
0x00007ff9d1536610:   01 00 00 e8 09 be ff ff 33 d2 33 c9 e8 49 de ff
0x00007ff9d1536620:   ff 90 cc cc cc cc cc cc cc cc cc cc cc cc cc cc
0x00007ff9d1536630:   48 8d 8a 80 00 00 00 e9 84 e8 fe ff 48 89 54 24
0x00007ff9d1536640:   10 55 48 83 ec 20 48 8b ea 48 8d 05 9d ca ff ff
0x00007ff9d1536650:   48 83 c4 20 5d c3 cc 40 55 48 8b ea 48 8b 01 33
0x00007ff9d1536660:   c9 81 38 05 00 00 c0 0f 94 c1 8b c1 5d c3 cc 40
0x00007ff9d1536670:   55 48 83 ec 20 48 8b ea 8a 4d 40 48 83 c4 20 5d
0x00007ff9d1536680:   e9 9f cd ff ff cc 40 55 48 83 ec 20 48 8b ea e8
0x00007ff9d1536690:   bc cb ff ff 8a 4d 38 48 83 c4 20 5d e9 83 cd ff
0x00007ff9d15366a0:   ff cc 40 55 48 83 ec 30 48 8b ea 48 8b 01 8b 10
0x00007ff9d15366b0:   48 89 4c 24 28 89 54 24 20 4c 8d 0d 64 d1 ff ff
0x00007ff9d15366c0:   4c 8b 45 70 8b 55 68 48 8b 4d 60 e8 f0 ca ff ff
0x00007ff9d15366d0:   90 48 83 c4 30 5d c3 cc cc cc cc cc cc cc cc cc
0x00007ff9d15366e0:   40 53 48 83 ec 30 48 c7 44 24 20 fe ff ff ff 48
0x00007ff9d15366f0:   8b 1d 1a 64 01 00 48 85 db 74 16 e8 e0 85 ff ff
0x00007ff9d1536700:   4c 8b 00 48 8b d3 48 8b c8 41 ff 90 b0 00 00 00
0x00007ff9d1536710:   90 48 83 c4 30 5b c3 cc cc cc cc cc cc cc cc cc
0x00007ff9d1536720:   40 53 48 83 ec 20 48 8b 1d 7b 65 01 00 48 85 db
0x00007ff9d1536730:   74 57 b8 ff ff ff ff f0 0f c1 43 10 83 f8 01 75
0x00007ff9d1536740:   3d 48 85 db 74 38 48 8b 0b 48 85 c9 74 0d ff 15
0x00007ff9d1536750:   5c 0b 00 00 48 c7 03 00 00 00 00 48 8b 4b 08 48
0x00007ff9d1536760:   85 c9 74 0d e8 f7 c7 ff ff 48 c7 43 08 00 00 00
0x00007ff9d1536770:   00 ba 18 00 00 00 48 8b cb e8 e2 c7 ff ff 48 c7
0x00007ff9d1536780:   05 1f 65 01 00 00 00 00 00 48 83 c4 20 5b c3 cc
0x00007ff9d1536790:   40 53 48 83 ec 20 48 8b 1d eb 64 01 00 48 85 db
0x00007ff9d15367a0:   74 57 b8 ff ff ff ff f0 0f c1 43 10 83 f8 01 75
0x00007ff9d15367b0:   3d 48 85 db 74 38 48 8b 0b 48 85 c9 74 0d ff 15
0x00007ff9d15367c0:   ec 0a 00 00 48 c7 03 00 00 00 00 48 8b 4b 08 48
0x00007ff9d15367d0:   85 c9 74 0d e8 87 c7 ff ff 48 c7 43 08 00 00 00
0x00007ff9d15367e0:   00 ba 18 00 00 00 48 8b cb e8 72 c7 ff ff 48 c7
0x00007ff9d15367f0:   05 8f 64 01 00 00 00 00 00 48 83 c4 20 5b c3 cc 


Stack slot to memory mapping:
stack at sp + 0 slots: 0x0 is NULL
stack at sp + 1 slots: 0x00007ffa06f6c7eb ucrtbase.dll
stack at sp + 2 slots: 0x000002227cf427e0 points into unknown readable memory: d1 eb 0c f9 4d ef 00 00
stack at sp + 3 slots: 0x0000022200000000 points into unknown readable memory: 00 00 00 00 00 00 00 00
stack at sp + 4 slots: 0xfffffffffffffffe is an unknown value
stack at sp + 5 slots: 0x00007ff9d154a1a0 glass.dll
stack at sp + 6 slots: 0x000002227cf427d8 points into unknown readable memory: d1 eb 0c f9 4d ef 00 00
stack at sp + 7 slots: 0x00007ffa06f73e26 ucrtbase.dll

VM_Operation (0x000000c3050f6bd0): Exit, mode: safepoint, requested by thread 0x000002227cf5d000


---------------  P R O C E S S  ---------------

Threads class SMR info:
_java_thread_list=0x000002220050bf80, length=18, elements={
0x0000022261fef800, 0x000002227c08d800, 0x000002227c08f800, 0x000002227ca03800,
0x000002227ca05000, 0x000002227ca07800, 0x000002227ca0f800, 0x000002227c0ac000,
0x000002227cb67000, 0x000002227cb73800, 0x000002227cf35000, 0x000002227cf49800,
0x000002227cf5d000, 0x000002227d09e000, 0x000002227d0c3800, 0x000002227d23b800,
0x0000022200508000, 0x0000022200993800
}

Java Threads: ( => current thread )
  0x0000022261fef800 JavaThread "main" [_thread_blocked, id=4440, stack(0x000000c303d00000,0x000000c303e00000)]
  0x000002227c08d800 JavaThread "Reference Handler" daemon [_thread_blocked, id=16116, stack(0x000000c304400000,0x000000c304500000)]
  0x000002227c08f800 JavaThread "Finalizer" daemon [_thread_blocked, id=11640, stack(0x000000c304500000,0x000000c304600000)]
  0x000002227ca03800 JavaThread "Signal Dispatcher" daemon [_thread_blocked, id=23984, stack(0x000000c304600000,0x000000c304700000)]
  0x000002227ca05000 JavaThread "Attach Listener" daemon [_thread_blocked, id=25300, stack(0x000000c304700000,0x000000c304800000)]
  0x000002227ca07800 JavaThread "C2 CompilerThread0" daemon [_thread_blocked, id=3000, stack(0x000000c304800000,0x000000c304900000)]
  0x000002227ca0f800 JavaThread "C1 CompilerThread0" daemon [_thread_blocked, id=26544, stack(0x000000c304900000,0x000000c304a00000)]
  0x000002227c0ac000 JavaThread "Sweeper thread" daemon [_thread_blocked, id=26288, stack(0x000000c304a00000,0x000000c304b00000)]
  0x000002227cb67000 JavaThread "Service Thread" daemon [_thread_blocked, id=17164, stack(0x000000c304b00000,0x000000c304c00000)]
  0x000002227cb73800 JavaThread "Common-Cleaner" daemon [_thread_blocked, id=21856, stack(0x000000c304d00000,0x000000c304e00000)]
  0x000002227cf35000 JavaThread "QuantumRenderer-0" daemon [_thread_blocked, id=25000, stack(0x000000c304e00000,0x000000c304f00000)]
  0x000002227cf49800 JavaThread "InvokeLaterDispatcher" daemon [_thread_blocked, id=28188, stack(0x000000c304f00000,0x000000c305000000)]
  0x000002227cf5d000 JavaThread "JavaFX Application Thread" [_thread_blocked, id=23764, stack(0x000000c305000000,0x000000c305100000)]
  0x000002227d09e000 JavaThread "JavaFX-Launcher" [_thread_blocked, id=28548, stack(0x000000c305500000,0x000000c305600000)]
  0x000002227d0c3800 JavaThread "Thread-2" daemon [_thread_in_native, id=18116, stack(0x000000c305400000,0x000000c305500000)]
  0x000002227d23b800 JavaThread "Java2D Disposer" daemon [_thread_blocked, id=19296, stack(0x000000c305a00000,0x000000c305b00000)]
  0x0000022200508000 JavaThread "Prism Font Disposer" daemon [_thread_blocked, id=15288, stack(0x000000c305b00000,0x000000c305c00000)]
  0x0000022200993800 JavaThread "Cleaner-0" daemon [_thread_blocked, id=12712, stack(0x000000c305f00000,0x000000c306000000)]

Other Threads:
=>0x000002227c08a000 VMThread "VM Thread" [stack: 0x000000c304300000,0x000000c304400000] [id=12460]
  0x0000022262008800 GCTaskThread "GC Thread#0" [stack: 0x000000c303e00000,0x000000c303f00000] [id=19948]
  0x000002227d103000 GCTaskThread "GC Thread#1" [stack: 0x000000c305600000,0x000000c305700000] [id=15700]
  0x000002227d104000 GCTaskThread "GC Thread#2" [stack: 0x000000c305700000,0x000000c305800000] [id=24268]
  0x000002227d0ca000 GCTaskThread "GC Thread#3" [stack: 0x000000c305800000,0x000000c305900000] [id=25708]
  0x0000022262039800 ConcurrentGCThread "G1 Main Marker" [stack: 0x000000c303f00000,0x000000c304000000] [id=26428]
  0x000002226203b000 ConcurrentGCThread "G1 Conc#0" [stack: 0x000000c304000000,0x000000c304100000] [id=2080]
  0x000002227bed0800 ConcurrentGCThread "G1 Refine#0" [stack: 0x000000c304100000,0x000000c304200000] [id=18460]
  0x000002227bed1800 ConcurrentGCThread "G1 Young RemSet Sampling" [stack: 0x000000c304200000,0x000000c304300000] [id=26536]

Threads with active compile tasks:

VM state:at safepoint (shutting down)

VM Mutex/Monitor currently owned by a thread:  ([mutex/lock_event])
[0x0000022261fedf90] Threads_lock - owner thread: 0x000002227c08a000

Heap address: 0x0000000082000000, size: 2016 MB, Compressed Oops mode: 32-bit
Narrow klass base: 0x0000000000000000, Narrow klass shift: 3
Compressed class space size: 1073741824 Address: 0x0000000100000000

Heap:
 garbage-first heap   total 129024K, used 27455K [0x0000000082000000, 0x0000000100000000)
  region size 1024K, 16 young (16384K), 7 survivors (7168K)
 Metaspace       used 22270K, capacity 22978K, committed 23344K, reserved 1069056K
  class space    used 2568K, capacity 2863K, committed 2944K, reserved 1048576K
Heap Regions: E=young(eden), S=young(survivor), O=old, HS=humongous(starts), HC=humongous(continues), CS=collection set, F=free, A=archive, TAMS=top-at-mark-start (previous, next)
|   0|0x0000000082000000, 0x0000000082100000, 0x0000000082100000|100%|HS|  |TAMS 0x0000000082100000, 0x0000000082000000| Complete 
|   1|0x0000000082100000, 0x0000000082200000, 0x0000000082200000|100%|HC|  |TAMS 0x0000000082200000, 0x0000000082100000| Complete 
|   2|0x0000000082200000, 0x0000000082300000, 0x0000000082300000|100%|HS|  |TAMS 0x0000000082300000, 0x0000000082200000| Complete 
|   3|0x0000000082300000, 0x0000000082400000, 0x0000000082400000|100%|HC|  |TAMS 0x0000000082400000, 0x0000000082300000| Complete 
|   4|0x0000000082400000, 0x0000000082500000, 0x0000000082500000|100%|HS|  |TAMS 0x0000000082500000, 0x0000000082400000| Complete 
|   5|0x0000000082500000, 0x0000000082600000, 0x0000000082600000|100%|HC|  |TAMS 0x0000000082600000, 0x0000000082500000| Complete 
|   6|0x0000000082600000, 0x0000000082700000, 0x0000000082700000|100%|HS|  |TAMS 0x0000000082700000, 0x0000000082600000| Complete 
|   7|0x0000000082700000, 0x0000000082800000, 0x0000000082800000|100%|HC|  |TAMS 0x0000000082800000, 0x0000000082700000| Complete 
|   8|0x0000000082800000, 0x0000000082900000, 0x0000000082900000|100%|HS|  |TAMS 0x0000000082900000, 0x0000000082800000| Complete 
|   9|0x0000000082900000, 0x0000000082a00000, 0x0000000082a00000|100%|HC|  |TAMS 0x0000000082a00000, 0x0000000082900000| Complete 
|  10|0x0000000082a00000, 0x0000000082b00000, 0x0000000082b00000|100%|HS|  |TAMS 0x0000000082a00000, 0x0000000082a00000| Complete 
|  11|0x0000000082b00000, 0x0000000082c00000, 0x0000000082c00000|100%|HC|  |TAMS 0x0000000082b00000, 0x0000000082b00000| Complete 
|  12|0x0000000082c00000, 0x0000000082c00000, 0x0000000082d00000|  0%| F|  |TAMS 0x0000000082c00000, 0x0000000082c00000| Untracked 
|  13|0x0000000082d00000, 0x0000000082d00000, 0x0000000082e00000|  0%| F|  |TAMS 0x0000000082d00000, 0x0000000082d00000| Untracked 
|  14|0x0000000082e00000, 0x0000000082e00000, 0x0000000082f00000|  0%| F|  |TAMS 0x0000000082e00000, 0x0000000082e00000| Untracked 
|  15|0x0000000082f00000, 0x0000000082f00000, 0x0000000083000000|  0%| F|  |TAMS 0x0000000082f00000, 0x0000000082f00000| Untracked 
|  16|0x0000000083000000, 0x0000000083000000, 0x0000000083100000|  0%| F|  |TAMS 0x0000000083000000, 0x0000000083000000| Untracked 
|  17|0x0000000083100000, 0x0000000083100000, 0x0000000083200000|  0%| F|  |TAMS 0x0000000083100000, 0x0000000083100000| Untracked 
|  18|0x0000000083200000, 0x0000000083200000, 0x0000000083300000|  0%| F|  |TAMS 0x0000000083200000, 0x0000000083200000| Untracked 
|  19|0x0000000083300000, 0x0000000083300000, 0x0000000083400000|  0%| F|  |TAMS 0x0000000083300000, 0x0000000083300000| Untracked 
|  20|0x0000000083400000, 0x0000000083400000, 0x0000000083500000|  0%| F|  |TAMS 0x0000000083400000, 0x0000000083400000| Untracked 
|  21|0x0000000083500000, 0x0000000083500000, 0x0000000083600000|  0%| F|  |TAMS 0x0000000083500000, 0x0000000083500000| Untracked 
|  22|0x0000000083600000, 0x0000000083600000, 0x0000000083700000|  0%| F|  |TAMS 0x0000000083600000, 0x0000000083600000| Untracked 
|  23|0x0000000083700000, 0x0000000083700000, 0x0000000083800000|  0%| F|  |TAMS 0x0000000083700000, 0x0000000083700000| Untracked 
|  24|0x0000000083800000, 0x0000000083800000, 0x0000000083900000|  0%| F|  |TAMS 0x0000000083800000, 0x0000000083800000| Untracked 
|  25|0x0000000083900000, 0x0000000083900000, 0x0000000083a00000|  0%| F|  |TAMS 0x0000000083900000, 0x0000000083900000| Untracked 
|  26|0x0000000083a00000, 0x0000000083a00000, 0x0000000083b00000|  0%| F|  |TAMS 0x0000000083a00000, 0x0000000083a00000| Untracked 
|  27|0x0000000083b00000, 0x0000000083b00000, 0x0000000083c00000|  0%| F|  |TAMS 0x0000000083b00000, 0x0000000083b00000| Untracked 
|  28|0x0000000083c00000, 0x0000000083c00000, 0x0000000083d00000|  0%| F|  |TAMS 0x0000000083c00000, 0x0000000083c00000| Untracked 
|  29|0x0000000083d00000, 0x0000000083d00000, 0x0000000083e00000|  0%| F|  |TAMS 0x0000000083d00000, 0x0000000083d00000| Untracked 
|  30|0x0000000083e00000, 0x0000000083e00000, 0x0000000083f00000|  0%| F|  |TAMS 0x0000000083e00000, 0x0000000083e00000| Untracked 
|  31|0x0000000083f00000, 0x0000000083f00000, 0x0000000084000000|  0%| F|  |TAMS 0x0000000083f00000, 0x0000000083f00000| Untracked 
|  32|0x0000000084000000, 0x0000000084000000, 0x0000000084100000|  0%| F|  |TAMS 0x0000000084000000, 0x0000000084000000| Untracked 
|  33|0x0000000084100000, 0x0000000084100000, 0x0000000084200000|  0%| F|  |TAMS 0x0000000084100000, 0x0000000084100000| Untracked 
|  34|0x0000000084200000, 0x0000000084200000, 0x0000000084300000|  0%| F|  |TAMS 0x0000000084200000, 0x0000000084200000| Untracked 
|  35|0x0000000084300000, 0x0000000084300000, 0x0000000084400000|  0%| F|  |TAMS 0x0000000084300000, 0x0000000084300000| Untracked 
|  36|0x0000000084400000, 0x0000000084400000, 0x0000000084500000|  0%| F|  |TAMS 0x0000000084400000, 0x0000000084400000| Untracked 
|  37|0x0000000084500000, 0x0000000084500000, 0x0000000084600000|  0%| F|  |TAMS 0x0000000084500000, 0x0000000084500000| Untracked 
|  38|0x0000000084600000, 0x0000000084600000, 0x0000000084700000|  0%| F|  |TAMS 0x0000000084600000, 0x0000000084600000| Untracked 
|  39|0x0000000084700000, 0x0000000084700000, 0x0000000084800000|  0%| F|  |TAMS 0x0000000084700000, 0x0000000084700000| Untracked 
|  40|0x0000000084800000, 0x0000000084800000, 0x0000000084900000|  0%| F|  |TAMS 0x0000000084800000, 0x0000000084800000| Untracked 
|  41|0x0000000084900000, 0x0000000084900000, 0x0000000084a00000|  0%| F|  |TAMS 0x0000000084900000, 0x0000000084900000| Untracked 
|  42|0x0000000084a00000, 0x0000000084a00000, 0x0000000084b00000|  0%| F|  |TAMS 0x0000000084a00000, 0x0000000084a00000| Untracked 
|  43|0x0000000084b00000, 0x0000000084b00000, 0x0000000084c00000|  0%| F|  |TAMS 0x0000000084b00000, 0x0000000084b00000| Untracked 
|  44|0x0000000084c00000, 0x0000000084c00000, 0x0000000084d00000|  0%| F|  |TAMS 0x0000000084c00000, 0x0000000084c00000| Untracked 
|  45|0x0000000084d00000, 0x0000000084d00000, 0x0000000084e00000|  0%| F|  |TAMS 0x0000000084d00000, 0x0000000084d00000| Untracked 
|  46|0x0000000084e00000, 0x0000000084e00000, 0x0000000084f00000|  0%| F|  |TAMS 0x0000000084e00000, 0x0000000084e00000| Untracked 
|  47|0x0000000084f00000, 0x0000000084f00000, 0x0000000085000000|  0%| F|  |TAMS 0x0000000084f00000, 0x0000000084f00000| Untracked 
|  48|0x0000000085000000, 0x0000000085000000, 0x0000000085100000|  0%| F|  |TAMS 0x0000000085000000, 0x0000000085000000| Untracked 
|  49|0x0000000085100000, 0x0000000085100000, 0x0000000085200000|  0%| F|  |TAMS 0x0000000085100000, 0x0000000085100000| Untracked 
|  50|0x0000000085200000, 0x0000000085200000, 0x0000000085300000|  0%| F|  |TAMS 0x0000000085200000, 0x0000000085200000| Untracked 
|  51|0x0000000085300000, 0x0000000085300000, 0x0000000085400000|  0%| F|  |TAMS 0x0000000085300000, 0x0000000085300000| Untracked 
|  52|0x0000000085400000, 0x0000000085400000, 0x0000000085500000|  0%| F|  |TAMS 0x0000000085400000, 0x0000000085400000| Untracked 
|  53|0x0000000085500000, 0x0000000085500000, 0x0000000085600000|  0%| F|  |TAMS 0x0000000085500000, 0x0000000085500000| Untracked 
|  54|0x0000000085600000, 0x0000000085600000, 0x0000000085700000|  0%| F|  |TAMS 0x0000000085600000, 0x0000000085600000| Untracked 
|  55|0x0000000085700000, 0x0000000085700000, 0x0000000085800000|  0%| F|  |TAMS 0x0000000085700000, 0x0000000085700000| Untracked 
|  56|0x0000000085800000, 0x0000000085800000, 0x0000000085900000|  0%| F|  |TAMS 0x0000000085800000, 0x0000000085800000| Untracked 
|  57|0x0000000085900000, 0x0000000085900000, 0x0000000085a00000|  0%| F|  |TAMS 0x0000000085900000, 0x0000000085900000| Untracked 
|  58|0x0000000085a00000, 0x0000000085a00000, 0x0000000085b00000|  0%| F|  |TAMS 0x0000000085a00000, 0x0000000085a00000| Untracked 
|  59|0x0000000085b00000, 0x0000000085b00000, 0x0000000085c00000|  0%| F|  |TAMS 0x0000000085b00000, 0x0000000085b00000| Untracked 
|  60|0x0000000085c00000, 0x0000000085c00000, 0x0000000085d00000|  0%| F|  |TAMS 0x0000000085c00000, 0x0000000085c00000| Untracked 
|  61|0x0000000085d00000, 0x0000000085d00000, 0x0000000085e00000|  0%| F|  |TAMS 0x0000000085d00000, 0x0000000085d00000| Untracked 
|  62|0x0000000085e00000, 0x0000000085e00000, 0x0000000085f00000|  0%| F|  |TAMS 0x0000000085e00000, 0x0000000085e00000| Untracked 
|  63|0x0000000085f00000, 0x0000000085f00000, 0x0000000086000000|  0%| F|  |TAMS 0x0000000085f00000, 0x0000000085f00000| Untracked 
|  64|0x0000000086000000, 0x0000000086000000, 0x0000000086100000|  0%| F|  |TAMS 0x0000000086000000, 0x0000000086000000| Untracked 
|  65|0x0000000086100000, 0x0000000086100000, 0x0000000086200000|  0%| F|  |TAMS 0x0000000086100000, 0x0000000086100000| Untracked 
|  66|0x0000000086200000, 0x0000000086200000, 0x0000000086300000|  0%| F|  |TAMS 0x0000000086200000, 0x0000000086200000| Untracked 
|  67|0x0000000086300000, 0x0000000086300000, 0x0000000086400000|  0%| F|  |TAMS 0x0000000086300000, 0x0000000086300000| Untracked 
|  68|0x0000000086400000, 0x0000000086400000, 0x0000000086500000|  0%| F|  |TAMS 0x0000000086400000, 0x0000000086400000| Untracked 
|  69|0x0000000086500000, 0x0000000086500000, 0x0000000086600000|  0%| F|  |TAMS 0x0000000086500000, 0x0000000086500000| Untracked 
|  70|0x0000000086600000, 0x0000000086600000, 0x0000000086700000|  0%| F|  |TAMS 0x0000000086600000, 0x0000000086600000| Untracked 
|  71|0x0000000086700000, 0x0000000086700000, 0x0000000086800000|  0%| F|  |TAMS 0x0000000086700000, 0x0000000086700000| Untracked 
|  72|0x0000000086800000, 0x0000000086800000, 0x0000000086900000|  0%| F|  |TAMS 0x0000000086800000, 0x0000000086800000| Untracked 
|  73|0x0000000086900000, 0x0000000086900000, 0x0000000086a00000|  0%| F|  |TAMS 0x0000000086900000, 0x0000000086900000| Untracked 
|  74|0x0000000086a00000, 0x0000000086a00000, 0x0000000086b00000|  0%| F|  |TAMS 0x0000000086a00000, 0x0000000086a00000| Untracked 
|  75|0x0000000086b00000, 0x0000000086b00000, 0x0000000086c00000|  0%| F|  |TAMS 0x0000000086b00000, 0x0000000086b00000| Untracked 
|  76|0x0000000086c00000, 0x0000000086c00000, 0x0000000086d00000|  0%| F|  |TAMS 0x0000000086c00000, 0x0000000086c00000| Untracked 
|  77|0x0000000086d00000, 0x0000000086d00000, 0x0000000086e00000|  0%| F|  |TAMS 0x0000000086d00000, 0x0000000086d00000| Untracked 
|  78|0x0000000086e00000, 0x0000000086e00000, 0x0000000086f00000|  0%| F|  |TAMS 0x0000000086e00000, 0x0000000086e00000| Untracked 
|  79|0x0000000086f00000, 0x0000000086f00000, 0x0000000087000000|  0%| F|  |TAMS 0x0000000086f00000, 0x0000000086f00000| Untracked 
|  80|0x0000000087000000, 0x0000000087000000, 0x0000000087100000|  0%| F|  |TAMS 0x0000000087000000, 0x0000000087000000| Untracked 
|  81|0x0000000087100000, 0x0000000087100000, 0x0000000087200000|  0%| F|  |TAMS 0x0000000087100000, 0x0000000087100000| Untracked 
|  82|0x0000000087200000, 0x0000000087200000, 0x0000000087300000|  0%| F|  |TAMS 0x0000000087200000, 0x0000000087200000| Untracked 
|  83|0x0000000087300000, 0x0000000087300000, 0x0000000087400000|  0%| F|  |TAMS 0x0000000087300000, 0x0000000087300000| Untracked 
|  84|0x0000000087400000, 0x0000000087400000, 0x0000000087500000|  0%| F|  |TAMS 0x0000000087400000, 0x0000000087400000| Untracked 
|  85|0x0000000087500000, 0x00000000875cfd70, 0x0000000087600000| 81%| S|CS|TAMS 0x0000000087500000, 0x0000000087500000| Complete 
|  86|0x0000000087600000, 0x0000000087700000, 0x0000000087700000|100%| S|CS|TAMS 0x0000000087600000, 0x0000000087600000| Complete 
|  87|0x0000000087700000, 0x0000000087800000, 0x0000000087800000|100%| S|CS|TAMS 0x0000000087700000, 0x0000000087700000| Complete 
|  88|0x0000000087800000, 0x0000000087900000, 0x0000000087900000|100%| S|CS|TAMS 0x0000000087800000, 0x0000000087800000| Complete 
|  89|0x0000000087900000, 0x0000000087a00000, 0x0000000087a00000|100%| S|CS|TAMS 0x0000000087900000, 0x0000000087900000| Complete 
|  90|0x0000000087a00000, 0x0000000087b00000, 0x0000000087b00000|100%| S|CS|TAMS 0x0000000087a00000, 0x0000000087a00000| Complete 
|  91|0x0000000087b00000, 0x0000000087c00000, 0x0000000087c00000|100%| S|CS|TAMS 0x0000000087b00000, 0x0000000087b00000| Complete 
|  92|0x0000000087c00000, 0x0000000087c00000, 0x0000000087d00000|  0%| F|  |TAMS 0x0000000087c00000, 0x0000000087c00000| Untracked 
|  93|0x0000000087d00000, 0x0000000087d00000, 0x0000000087e00000|  0%| F|  |TAMS 0x0000000087d00000, 0x0000000087d00000| Untracked 
|  94|0x0000000087e00000, 0x0000000087e00000, 0x0000000087f00000|  0%| F|  |TAMS 0x0000000087e00000, 0x0000000087e00000| Untracked 
|  95|0x0000000087f00000, 0x0000000087f00000, 0x0000000088000000|  0%| F|  |TAMS 0x0000000087f00000, 0x0000000087f00000| Untracked 
|  96|0x0000000088000000, 0x0000000088000000, 0x0000000088100000|  0%| F|  |TAMS 0x0000000088000000, 0x0000000088000000| Untracked 
|  97|0x0000000088100000, 0x0000000088100000, 0x0000000088200000|  0%| F|  |TAMS 0x0000000088100000, 0x0000000088100000| Untracked 
|  98|0x0000000088200000, 0x0000000088200000, 0x0000000088300000|  0%| F|  |TAMS 0x0000000088200000, 0x0000000088200000| Untracked 
|  99|0x0000000088300000, 0x0000000088300000, 0x0000000088400000|  0%| F|  |TAMS 0x0000000088300000, 0x0000000088300000| Untracked 
| 100|0x0000000088400000, 0x0000000088400000, 0x0000000088500000|  0%| F|  |TAMS 0x0000000088400000, 0x0000000088400000| Untracked 
| 101|0x0000000088500000, 0x0000000088500000, 0x0000000088600000|  0%| F|  |TAMS 0x0000000088500000, 0x0000000088500000| Untracked 
| 102|0x0000000088600000, 0x0000000088600000, 0x0000000088700000|  0%| F|  |TAMS 0x0000000088600000, 0x0000000088600000| Untracked 
| 103|0x0000000088700000, 0x0000000088700000, 0x0000000088800000|  0%| F|  |TAMS 0x0000000088700000, 0x0000000088700000| Untracked 
| 104|0x0000000088800000, 0x0000000088800000, 0x0000000088900000|  0%| F|  |TAMS 0x0000000088800000, 0x0000000088800000| Untracked 
| 105|0x0000000088900000, 0x0000000088900000, 0x0000000088a00000|  0%| F|  |TAMS 0x0000000088900000, 0x0000000088900000| Untracked 
| 106|0x0000000088a00000, 0x0000000088a00000, 0x0000000088b00000|  0%| F|  |TAMS 0x0000000088a00000, 0x0000000088a00000| Untracked 
| 107|0x0000000088b00000, 0x0000000088b00000, 0x0000000088c00000|  0%| F|  |TAMS 0x0000000088b00000, 0x0000000088b00000| Untracked 
| 108|0x0000000088c00000, 0x0000000088c00000, 0x0000000088d00000|  0%| F|  |TAMS 0x0000000088c00000, 0x0000000088c00000| Untracked 
| 109|0x0000000088d00000, 0x0000000088d00000, 0x0000000088e00000|  0%| F|  |TAMS 0x0000000088d00000, 0x0000000088d00000| Untracked 
| 110|0x0000000088e00000, 0x0000000088e00000, 0x0000000088f00000|  0%| F|  |TAMS 0x0000000088e00000, 0x0000000088e00000| Untracked 
| 111|0x0000000088f00000, 0x0000000088f00000, 0x0000000089000000|  0%| F|  |TAMS 0x0000000088f00000, 0x0000000088f00000| Untracked 
| 112|0x0000000089000000, 0x0000000089000000, 0x0000000089100000|  0%| F|  |TAMS 0x0000000089000000, 0x0000000089000000| Untracked 
| 113|0x0000000089100000, 0x0000000089100000, 0x0000000089200000|  0%| F|  |TAMS 0x0000000089100000, 0x0000000089100000| Untracked 
| 114|0x0000000089200000, 0x0000000089200000, 0x0000000089300000|  0%| F|  |TAMS 0x0000000089200000, 0x0000000089200000| Untracked 
| 115|0x0000000089300000, 0x0000000089300000, 0x0000000089400000|  0%| F|  |TAMS 0x0000000089300000, 0x0000000089300000| Untracked 
| 116|0x0000000089400000, 0x0000000089400000, 0x0000000089500000|  0%| F|  |TAMS 0x0000000089400000, 0x0000000089400000| Untracked 
| 117|0x0000000089500000, 0x0000000089523520, 0x0000000089600000| 13%| E|  |TAMS 0x0000000089500000, 0x0000000089500000| Complete 
| 118|0x0000000089600000, 0x0000000089700000, 0x0000000089700000|100%| E|CS|TAMS 0x0000000089600000, 0x0000000089600000| Complete 
| 119|0x0000000089700000, 0x0000000089800000, 0x0000000089800000|100%| E|CS|TAMS 0x0000000089700000, 0x0000000089700000| Complete 
| 120|0x0000000089800000, 0x0000000089900000, 0x0000000089900000|100%| E|CS|TAMS 0x0000000089800000, 0x0000000089800000| Complete 
| 121|0x0000000089900000, 0x0000000089a00000, 0x0000000089a00000|100%| E|CS|TAMS 0x0000000089900000, 0x0000000089900000| Complete 
| 122|0x0000000089a00000, 0x0000000089b00000, 0x0000000089b00000|100%| E|CS|TAMS 0x0000000089a00000, 0x0000000089a00000| Complete 
| 123|0x0000000089b00000, 0x0000000089c00000, 0x0000000089c00000|100%| E|CS|TAMS 0x0000000089b00000, 0x0000000089b00000| Complete 
| 124|0x0000000089c00000, 0x0000000089d00000, 0x0000000089d00000|100%| E|CS|TAMS 0x0000000089c00000, 0x0000000089c00000| Complete 
| 125|0x0000000089d00000, 0x0000000089e00000, 0x0000000089e00000|100%| E|CS|TAMS 0x0000000089d00000, 0x0000000089d00000| Complete 

Card table byte_map: [0x00000222754b0000,0x00000222758a0000] _byte_map_base: 0x00000222750a0000

Marking Bits (Prev, Next): (CMBitMap*) 0x0000022262031030, (CMBitMap*) 0x0000022262030ff8
 Prev Bits: [0x0000022277c10000, 0x0000022279b90000)
 Next Bits: [0x0000022275c90000, 0x0000022277c10000)

Polling page: 0x000002225fdb0000

Metaspace:

Usage:
  Non-class:     19.64 MB capacity,    19.24 MB ( 98%) used,   334.83 KB (  2%) free+waste,    77.63 KB ( <1%) overhead. 
      Class:      2.80 MB capacity,     2.51 MB ( 90%) used,   254.64 KB (  9%) free+waste,    39.94 KB (  1%) overhead. 
       Both:     22.44 MB capacity,    21.75 MB ( 97%) used,   589.47 KB (  3%) free+waste,   117.56 KB ( <1%) overhead. 

Virtual space:
  Non-class space:       20.00 MB reserved,      19.92 MB (>99%) committed 
      Class space:        1.00 GB reserved,       2.88 MB ( <1%) committed 
             Both:        1.02 GB reserved,      22.80 MB (  2%) committed 

Chunk freelists:
   Non-Class:  45.00 KB
       Class:  0 bytes
        Both:  45.00 KB

MaxMetaspaceSize: 17179869184.00 GB
CompressedClassSpaceSize: 1.00 GB

CodeHeap 'non-profiled nmethods': size=120064Kb used=1146Kb max_used=1146Kb free=118917Kb
 bounds [0x000002226db80000, 0x000002226ddf0000, 0x00000222750c0000]
CodeHeap 'profiled nmethods': size=120000Kb used=3961Kb max_used=3961Kb free=116038Kb
 bounds [0x0000022266650000, 0x0000022266a30000, 0x000002226db80000]
CodeHeap 'non-nmethods': size=5696Kb used=1334Kb max_used=1366Kb free=4361Kb
 bounds [0x00000222660c0000, 0x0000022266330000, 0x0000022266650000]
 total_blobs=3650 nmethods=2115 adapters=675
 compilation: enabled
              stopped_count=0, restarted_count=0
 full_count=0

Compilation events (20 events):
Event: 14.392 Thread 0x000002227ca0f800 nmethod 2104 0x000002226dc9bd10 code [0x000002226dc9bec0, 0x000002226dc9bfd8]
Event: 14.392 Thread 0x000002227ca0f800 2105       1       com.sun.prism.impl.ps.BaseShaderContext$State::access$1500 (5 bytes)
Event: 14.393 Thread 0x000002227ca0f800 nmethod 2105 0x000002226dc9c090 code [0x000002226dc9c240, 0x000002226dc9c338]
Event: 14.393 Thread 0x000002227ca0f800 2108       1       com.sun.javafx.geom.transform.AffineBase::getMxy (5 bytes)
Event: 14.393 Thread 0x000002227ca0f800 nmethod 2108 0x000002226dc9c410 code [0x000002226dc9c5c0, 0x000002226dc9c6d8]
Event: 14.393 Thread 0x000002227ca0f800 2109       1       com.sun.javafx.geom.transform.AffineBase::getMyx (5 bytes)
Event: 14.393 Thread 0x000002227ca0f800 nmethod 2109 0x000002226dc9c790 code [0x000002226dc9c940, 0x000002226dc9ca58]
Event: 14.393 Thread 0x000002227ca0f800 2106       1       javafx.scene.layout.CornerRadii::getTopLeftHorizontalRadius (5 bytes)
Event: 14.393 Thread 0x000002227ca0f800 nmethod 2106 0x000002226dc9cb10 code [0x000002226dc9ccc0, 0x000002226dc9cdd8]
Event: 14.414 Thread 0x000002227ca0f800 2112       1       com.sun.javafx.stage.WindowEventDispatcher::getLastDispatcher (5 bytes)
Event: 14.414 Thread 0x000002227ca0f800 nmethod 2112 0x000002226dc9ce90 code [0x000002226dc9d040, 0x000002226dc9d158]
Event: 14.414 Thread 0x000002227ca0f800 2113       3       jdk.internal.misc.Unsafe::getAndSetInt (24 bytes)
Event: 14.415 Thread 0x000002227ca0f800 nmethod 2113 0x0000022266a2d110 code [0x0000022266a2d2e0, 0x0000022266a2d578]
Event: 14.418 Thread 0x000002227ca07800 nmethod 2100 0x000002226dc9d210 code [0x000002226dc9d440, 0x000002226dc9dfd0]
Event: 14.418 Thread 0x000002227ca07800 2107       4       com.sun.marlin.FloatMath::max (11 bytes)
Event: 14.419 Thread 0x000002227ca07800 nmethod 2107 0x000002226dc9e890 code [0x000002226dc9ea20, 0x000002226dc9ea78]
Event: 14.424 Thread 0x000002227ca0f800 2114       3       jdk.internal.org.objectweb.asm.MethodVisitor::visitInsn (16 bytes)
Event: 14.424 Thread 0x000002227ca0f800 nmethod 2114 0x0000022266a2d690 code [0x0000022266a2d860, 0x0000022266a2dab0]
Event: 14.424 Thread 0x000002227ca0f800 2115       3       java.util.concurrent.locks.AbstractQueuedSynchronizer::compareAndSetState (10 bytes)
Event: 14.425 Thread 0x000002227ca0f800 nmethod 2115 0x0000022266a2db90 code [0x0000022266a2dda0, 0x0000022266a2e3e0]

GC Heap History (4 events):
Event: 0.874 GC heap before
{Heap before GC invocations=0 (full 0):
 garbage-first heap   total 129024K, used 13312K [0x0000000082000000, 0x0000000100000000)
  region size 1024K, 14 young (14336K), 0 survivors (0K)
 Metaspace       used 9461K, capacity 9716K, committed 9856K, reserved 1058816K
  class space    used 934K, capacity 1058K, committed 1152K, reserved 1048576K
}
Event: 0.880 GC heap after
{Heap after GC invocations=1 (full 0):
 garbage-first heap   total 129024K, used 1804K [0x0000000082000000, 0x0000000100000000)
  region size 1024K, 2 young (2048K), 2 survivors (2048K)
 Metaspace       used 9461K, capacity 9716K, committed 9856K, reserved 1058816K
  class space    used 934K, capacity 1058K, committed 1152K, reserved 1048576K
}
Event: 2.751 GC heap before
{Heap before GC invocations=1 (full 0):
 garbage-first heap   total 129024K, used 42764K [0x0000000082000000, 0x0000000100000000)
  region size 1024K, 34 young (34816K), 2 survivors (2048K)
 Metaspace       used 20622K, capacity 21239K, committed 21296K, reserved 1069056K
  class space    used 2392K, capacity 2682K, committed 2688K, reserved 1048576K
}
Event: 2.773 GC heap after
{Heap after GC invocations=2 (full 0):
 garbage-first heap   total 129024K, used 17215K [0x0000000082000000, 0x0000000100000000)
  region size 1024K, 7 young (7168K), 7 survivors (7168K)
 Metaspace       used 20622K, capacity 21239K, committed 21296K, reserved 1069056K
  class space    used 2392K, capacity 2682K, committed 2688K, reserved 1048576K
}

Deoptimization events (20 events):
Event: 8.207 Thread 0x000002227cf35000 DEOPT PACKING pc=0x0000022266a0575a sp=0x000000c304efddf0
Event: 8.207 Thread 0x000002227cf35000 DEOPT UNPACKING pc=0x00000222660e8cce sp=0x000000c304efd230 mode 0
Event: 8.208 Thread 0x000002227cf35000 DEOPT PACKING pc=0x0000022266a0575a sp=0x000000c304efddf0
Event: 8.208 Thread 0x000002227cf35000 DEOPT UNPACKING pc=0x00000222660e8cce sp=0x000000c304efd230 mode 0
Event: 8.216 Thread 0x000002227cf35000 DEOPT PACKING pc=0x0000022266a0575a sp=0x000000c304efddf0
Event: 8.216 Thread 0x000002227cf35000 DEOPT UNPACKING pc=0x00000222660e8cce sp=0x000000c304efd230 mode 0
Event: 8.217 Thread 0x000002227cf35000 DEOPT PACKING pc=0x0000022266a0575a sp=0x000000c304efddf0
Event: 8.217 Thread 0x000002227cf35000 DEOPT UNPACKING pc=0x00000222660e8cce sp=0x000000c304efd230 mode 0
Event: 8.218 Thread 0x000002227cf35000 DEOPT PACKING pc=0x0000022266a0575a sp=0x000000c304efddf0
Event: 8.218 Thread 0x000002227cf35000 DEOPT UNPACKING pc=0x00000222660e8cce sp=0x000000c304efd230 mode 0
Event: 8.221 Thread 0x000002227cf35000 DEOPT PACKING pc=0x0000022266a0575a sp=0x000000c304efddf0
Event: 8.221 Thread 0x000002227cf35000 DEOPT UNPACKING pc=0x00000222660e8cce sp=0x000000c304efd230 mode 0
Event: 8.222 Thread 0x000002227cf35000 DEOPT PACKING pc=0x0000022266a0575a sp=0x000000c304efddf0
Event: 8.222 Thread 0x000002227cf35000 DEOPT UNPACKING pc=0x00000222660e8cce sp=0x000000c304efd230 mode 0
Event: 8.224 Thread 0x000002227cf35000 DEOPT PACKING pc=0x0000022266a0575a sp=0x000000c304efddf0
Event: 8.225 Thread 0x000002227cf35000 DEOPT UNPACKING pc=0x00000222660e8cce sp=0x000000c304efd230 mode 0
Event: 8.226 Thread 0x000002227cf35000 DEOPT PACKING pc=0x0000022266a0575a sp=0x000000c304efddf0
Event: 8.226 Thread 0x000002227cf35000 DEOPT UNPACKING pc=0x00000222660e8cce sp=0x000000c304efd230 mode 0
Event: 8.227 Thread 0x000002227cf35000 DEOPT PACKING pc=0x0000022266a0575a sp=0x000000c304efddf0
Event: 8.227 Thread 0x000002227cf35000 DEOPT UNPACKING pc=0x00000222660e8cce sp=0x000000c304efd230 mode 0

Classes redefined (0 events):
No events

Internal exceptions (20 events):
Event: 0.917 Thread 0x000002227cf5d000 Exception <a 'java/lang/NoSuchMethodError'{0x0000000089da0320}: 'java.lang.Object java.lang.invoke.DirectMethodHandle$Holder.invokeStatic(java.lang.Object, java.lang.Object, java.lang.Object, java.lang.Object, int)'> (0x0000000089da0320) thrown at [c:/Bui
Event: 1.196 Thread 0x000002227cf5d000 Exception <a 'java/lang/NoSuchMethodError'{0x000000008989b8c8}: 'java.lang.Object java.lang.invoke.DirectMethodHandle$Holder.invokeStaticInit(java.lang.Object, java.lang.Object, java.lang.Object, java.lang.Object)'> (0x000000008989b8c8) thrown at [c:/Buil
Event: 1.197 Thread 0x000002227cf5d000 Exception <a 'java/lang/NullPointerException'{0x00000000898a7158}> (0x00000000898a7158) thrown at [c:/BuildAgent/work/5ff2f6c26000d570/src/hotspot/share/interpreter/linkResolver.cpp, line 1358]
Event: 1.198 Thread 0x000002227cf5d000 Exception <a 'java/lang/NullPointerException'{0x00000000898a7158}> (0x00000000898a7158) thrown at [c:/BuildAgent/work/5ff2f6c26000d570/src/hotspot/share/prims/jvm.cpp, line 1301]
Event: 1.202 Thread 0x000002227cf5d000 Exception <a 'java/lang/NoSuchMethodError'{0x00000000898c5960}: 'void java.lang.invoke.DirectMethodHandle$Holder.invokeSpecial(java.lang.Object, java.lang.Object, java.lang.Object, java.lang.Object, java.lang.Object)'> (0x00000000898c5960) thrown at [c:/B
Event: 1.225 Thread 0x000002227cf5d000 Exception <a 'java/lang/NoSuchMethodError'{0x000000008972cb28}: 'java.lang.Object java.lang.invoke.DirectMethodHandle$Holder.invokeStatic(java.lang.Object, java.lang.Object, java.lang.Object, java.lang.Object, java.lang.Object, java.lang.Object, java.lang
Event: 1.227 Thread 0x000002227cf5d000 Exception <a 'java/lang/NoSuchMethodError'{0x0000000089738d20}: 'java.lang.Object java.lang.invoke.DirectMethodHandle$Holder.invokeStatic(java.lang.Object, java.lang.Object, java.lang.Object, java.lang.Object, java.lang.Object, java.lang.Object, java.lang
Event: 1.229 Thread 0x000002227cf5d000 Exception <a 'java/lang/NoSuchMethodError'{0x00000000897452f8}: 'java.lang.Object java.lang.invoke.DirectMethodHandle$Holder.invokeStatic(java.lang.Object, java.lang.Object, java.lang.Object, java.lang.Object, java.lang.Object, java.lang.Object, java.lang
Event: 1.282 Thread 0x000002227cf5d000 Exception <a 'java/lang/NoSuchMethodError'{0x00000000897ded20}: 'java.lang.Object java.lang.invoke.DirectMethodHandle$Holder.invokeStatic(java.lang.Object, int, java.lang.Object)'> (0x00000000897ded20) thrown at [c:/BuildAgent/work/5ff2f6c26000d570/src/ho
Event: 1.588 Thread 0x000002227cf5d000 Exception <a 'java/lang/NoSuchMethodError'{0x0000000088c9d880}: 'void java.lang.invoke.DirectMethodHandle$Holder.invokeStaticInit(java.lang.Object, java.lang.Object)'> (0x0000000088c9d880) thrown at [c:/BuildAgent/work/5ff2f6c26000d570/src/hotspot/share/i
Event: 1.721 Thread 0x000002227cf5d000 Exception <a 'java/lang/NoSuchMethodError'{0x0000000088ae6850}: 'java.lang.Object java.lang.invoke.Invokers$Holder.linkToTargetMethod(java.lang.Object, int, java.lang.Object)'> (0x0000000088ae6850) thrown at [c:/BuildAgent/work/5ff2f6c26000d570/src/hotspo
Event: 2.329 Thread 0x000002227cf5d000 Implicit null exception at 0x000002226dbde795 to 0x000002226dbde96e
Event: 2.329 Thread 0x000002227cf5d000 Implicit null exception at 0x000002226dbe52f8 to 0x000002226dbe538a
Event: 2.608 Thread 0x000002227cf5d000 Exception <a 'java/lang/NoSuchMethodError'{0x0000000087f70aa0}: 'java.lang.Object java.lang.invoke.DirectMethodHandle$Holder.invokeInterface(java.lang.Object, java.lang.Object, java.lang.Object)'> (0x0000000087f70aa0) thrown at [c:/BuildAgent/work/5ff2f6c
Event: 2.609 Thread 0x000002227cf5d000 Exception <a 'java/lang/IncompatibleClassChangeError'{0x0000000087f73cf8}: Found class java.lang.Object, but interface was expected> (0x0000000087f73cf8) thrown at [c:/BuildAgent/work/5ff2f6c26000d570/src/hotspot/share/interpreter/linkResolver.cpp, line 8
Event: 2.788 Thread 0x000002227cf35000 Exception <a 'java/lang/NoSuchMethodError'{0x0000000089c1e8d8}: 'int java.lang.invoke.DirectMethodHandle$Holder.invokeStaticInit(java.lang.Object, java.lang.Object)'> (0x0000000089c1e8d8) thrown at [c:/BuildAgent/work/5ff2f6c26000d570/src/hotspot/share/in
Event: 4.264 Thread 0x000002227cf5d000 Exception <a 'java/lang/NoSuchMethodError'{0x0000000089669640}: 'long java.lang.invoke.DirectMethodHandle$Holder.invokeStaticInit(java.lang.Object, java.lang.Object, java.lang.Object)'> (0x0000000089669640) thrown at [c:/BuildAgent/work/5ff2f6c26000d570/s
Event: 4.269 Thread 0x000002227cf5d000 Exception <a 'java/lang/NoSuchMethodError'{0x0000000089682428}: 'java.lang.Object java.lang.invoke.DirectMethodHandle$Holder.invokeStatic(java.lang.Object, java.lang.Object, long)'> (0x0000000089682428) thrown at [c:/BuildAgent/work/5ff2f6c26000d570/src/h
Event: 4.270 Thread 0x000002227cf5d000 Exception <a 'java/lang/NoSuchMethodError'{0x0000000089688af0}: 'java.lang.Object java.lang.invoke.Invokers$Holder.linkToTargetMethod(java.lang.Object, long, java.lang.Object)'> (0x0000000089688af0) thrown at [c:/BuildAgent/work/5ff2f6c26000d570/src/hotsp
Event: 14.425 Thread 0x0000022202eac800 Exception <a 'java/lang/IllegalStateException'{0x0000000089505a08}> (0x0000000089505a08) thrown at [c:/BuildAgent/work/5ff2f6c26000d570/src/hotspot/share/prims/jvm.cpp, line 1301]

Events (20 events):
Event: 14.418 loading class com/sun/prism/GraphicsResource done
Event: 14.419 loading class com/sun/javafx/tk/quantum/ViewScene
Event: 14.419 loading class com/sun/javafx/tk/quantum/ViewScene done
Event: 14.419 loading class com/sun/javafx/tk/quantum/WindowStage
Event: 14.419 loading class com/sun/javafx/tk/quantum/WindowStage done
Event: 14.422 Executing VM operation: RevokeBias
Event: 14.422 Executing VM operation: RevokeBias done
Event: 14.422 loading class java/util/IdentityHashMap$KeyIterator
Event: 14.422 loading class java/util/IdentityHashMap$IdentityHashMapIterator
Event: 14.422 loading class java/util/IdentityHashMap$IdentityHashMapIterator done
Event: 14.422 loading class java/util/IdentityHashMap$KeyIterator done
Event: 14.422 Thread 0x0000022202eac800 Thread added: 0x0000022202eac800
Event: 14.423 Executing VM operation: RevokeBias
Event: 14.423 Executing VM operation: RevokeBias done
Event: 14.423 loading class com/sun/javafx/tk/quantum/QuantumRenderer
Event: 14.423 loading class com/sun/javafx/tk/quantum/QuantumRenderer done
Event: 14.424 loading class com/sun/javafx/tk/quantum/QuantumToolkit
Event: 14.424 loading class com/sun/javafx/tk/quantum/QuantumToolkit done
Event: 14.425 Executing VM operation: Exit
Event: 14.425 Thread 0x0000022202eac800 Thread exited: 0x0000022202eac800


Dynamic libraries:
0x00007ff76f550000 - 0x00007ff76f55a000 	C:\Program Files\JetBrains\IntelliJ IDEA Community Edition 2019.3.3\jbr\bin\java.exe
0x00007ffa0ad00000 - 0x00007ffa0aeed000 	C:\WINDOWS\SYSTEM32\ntdll.dll
0x00007ffa07f20000 - 0x00007ffa07fd3000 	C:\WINDOWS\System32\KERNEL32.DLL
0x00007ffa07060000 - 0x00007ffa072f5000 	C:\WINDOWS\System32\KERNELBASE.dll
0x00007ffa06f60000 - 0x00007ffa0705a000 	C:\WINDOWS\System32\ucrtbase.dll
0x00007ff9d7dc0000 - 0x00007ff9d7dd9000 	C:\Program Files\JetBrains\IntelliJ IDEA Community Edition 2019.3.3\jbr\bin\jli.dll
0x00007ff9d4d00000 - 0x00007ff9d4d17000 	C:\Program Files\JetBrains\IntelliJ IDEA Community Edition 2019.3.3\jbr\bin\VCRUNTIME140.dll
0x00007ffa08040000 - 0x00007ffa081d7000 	C:\WINDOWS\System32\USER32.dll
0x00007ffa07d60000 - 0x00007ffa07d80000 	C:\WINDOWS\System32\win32u.dll
0x00007ffa08ba0000 - 0x00007ffa08bc9000 	C:\WINDOWS\System32\GDI32.dll
0x00007ff9f09d0000 - 0x00007ff9f0c49000 	C:\WINDOWS\WinSxS\amd64_microsoft.windows.common-controls_6595b64144ccf1df_6.0.17763.1158_none_de722d88534a897f\COMCTL32.dll
0x00007ffa06dc0000 - 0x00007ffa06f59000 	C:\WINDOWS\System32\gdi32full.dll
0x00007ffa089a0000 - 0x00007ffa08a3e000 	C:\WINDOWS\System32\msvcrt.dll
0x00007ffa07cc0000 - 0x00007ffa07d60000 	C:\WINDOWS\System32\msvcp_win.dll
0x00007ffa08670000 - 0x00007ffa0899c000 	C:\WINDOWS\System32\combase.dll
0x00007ffa0a2c0000 - 0x00007ffa0a3e2000 	C:\WINDOWS\System32\RPCRT4.dll
0x00007ffa07dd0000 - 0x00007ffa07e4e000 	C:\WINDOWS\System32\bcryptPrimitives.dll
0x00007ffa0a280000 - 0x00007ffa0a2ae000 	C:\WINDOWS\System32\IMM32.DLL
0x00007ff9cc7e0000 - 0x00007ff9cc87d000 	C:\Program Files\JetBrains\IntelliJ IDEA Community Edition 2019.3.3\jbr\bin\msvcp140.dll
0x00007ff9ae960000 - 0x00007ff9af41d000 	C:\Program Files\JetBrains\IntelliJ IDEA Community Edition 2019.3.3\jbr\bin\server\jvm.dll
0x00007ffa08460000 - 0x00007ffa08503000 	C:\WINDOWS\System32\ADVAPI32.dll
0x00007ffa0a0d0000 - 0x00007ffa0a16e000 	C:\WINDOWS\System32\sechost.dll
0x00007ffa0a2b0000 - 0x00007ffa0a2b8000 	C:\WINDOWS\System32\PSAPI.DLL
0x00007ffa03990000 - 0x00007ffa03999000 	C:\WINDOWS\SYSTEM32\WSOCK32.dll
0x00007ff9f38c0000 - 0x00007ff9f38ca000 	C:\WINDOWS\SYSTEM32\VERSION.dll
0x00007ffa08b10000 - 0x00007ffa08b7d000 	C:\WINDOWS\System32\WS2_32.dll
0x00007ffa05170000 - 0x00007ffa05194000 	C:\WINDOWS\SYSTEM32\WINMM.dll
0x00007ffa05120000 - 0x00007ffa0514d000 	C:\WINDOWS\SYSTEM32\winmmbase.dll
0x00007ffa07d80000 - 0x00007ffa07dca000 	C:\WINDOWS\System32\cfgmgr32.dll
0x00007ffa06d70000 - 0x00007ffa06d81000 	C:\WINDOWS\System32\kernel.appcore.dll
0x00007ff9fc260000 - 0x00007ff9fc271000 	C:\Program Files\JetBrains\IntelliJ IDEA Community Edition 2019.3.3\jbr\bin\verify.dll
0x00007ff9f47f0000 - 0x00007ff9f49dd000 	C:\WINDOWS\SYSTEM32\DBGHELP.DLL
0x00007ff9f3870000 - 0x00007ff9f389a000 	C:\WINDOWS\SYSTEM32\dbgcore.DLL
0x00007ff9dcb20000 - 0x00007ff9dcb49000 	C:\Program Files\JetBrains\IntelliJ IDEA Community Edition 2019.3.3\jbr\bin\java.dll
0x00007ff9e8dc0000 - 0x00007ff9e8dd8000 	C:\Program Files\JetBrains\IntelliJ IDEA Community Edition 2019.3.3\jbr\bin\zip.dll
0x00007ffa03980000 - 0x00007ffa0398b000 	C:\Program Files\JetBrains\IntelliJ IDEA Community Edition 2019.3.3\jbr\bin\jimage.dll
0x00007ffa08bd0000 - 0x00007ffa0a0c4000 	C:\WINDOWS\System32\SHELL32.dll
0x00007ffa08260000 - 0x00007ffa08308000 	C:\WINDOWS\System32\shcore.dll
0x00007ffa07570000 - 0x00007ffa07cbd000 	C:\WINDOWS\System32\windows.storage.dll
0x00007ffa06d90000 - 0x00007ffa06db4000 	C:\WINDOWS\System32\profapi.dll
0x00007ffa06d10000 - 0x00007ffa06d6d000 	C:\WINDOWS\System32\powrprof.dll
0x00007ffa0abf0000 - 0x00007ffa0ac42000 	C:\WINDOWS\System32\shlwapi.dll
0x00007ffa07f00000 - 0x00007ffa07f17000 	C:\WINDOWS\System32\cryptsp.dll
0x000002225fdf0000 - 0x000002225fdf3000 	C:\Program Files\JetBrains\IntelliJ IDEA Community Edition 2019.3.3\jbr\bin\api-ms-win-core-console-l1-1-0.dll
0x0000022260160000 - 0x0000022260163000 	C:\Program Files\JetBrains\IntelliJ IDEA Community Edition 2019.3.3\jbr\bin\api-ms-win-core-datetime-l1-1-0.dll
0x0000022260170000 - 0x0000022260173000 	C:\Program Files\JetBrains\IntelliJ IDEA Community Edition 2019.3.3\jbr\bin\api-ms-win-core-debug-l1-1-0.dll
0x0000022260180000 - 0x0000022260183000 	C:\Program Files\JetBrains\IntelliJ IDEA Community Edition 2019.3.3\jbr\bin\api-ms-win-core-errorhandling-l1-1-0.dll
0x0000022260190000 - 0x0000022260194000 	C:\Program Files\JetBrains\IntelliJ IDEA Community Edition 2019.3.3\jbr\bin\api-ms-win-core-file-l1-1-0.dll
0x0000022261f40000 - 0x0000022261f43000 	C:\Program Files\JetBrains\IntelliJ IDEA Community Edition 2019.3.3\jbr\bin\api-ms-win-core-file-l1-2-0.dll
0x0000022261f50000 - 0x0000022261f53000 	C:\Program Files\JetBrains\IntelliJ IDEA Community Edition 2019.3.3\jbr\bin\api-ms-win-core-file-l2-1-0.dll
0x0000022261f60000 - 0x0000022261f63000 	C:\Program Files\JetBrains\IntelliJ IDEA Community Edition 2019.3.3\jbr\bin\api-ms-win-core-handle-l1-1-0.dll
0x0000022261f70000 - 0x0000022261f73000 	C:\Program Files\JetBrains\IntelliJ IDEA Community Edition 2019.3.3\jbr\bin\api-ms-win-core-heap-l1-1-0.dll
0x0000022261f80000 - 0x0000022261f83000 	C:\Program Files\JetBrains\IntelliJ IDEA Community Edition 2019.3.3\jbr\bin\api-ms-win-core-interlocked-l1-1-0.dll
0x0000022261f90000 - 0x0000022261f93000 	C:\Program Files\JetBrains\IntelliJ IDEA Community Edition 2019.3.3\jbr\bin\api-ms-win-core-libraryloader-l1-1-0.dll
0x0000022261fa0000 - 0x0000022261fa3000 	C:\Program Files\JetBrains\IntelliJ IDEA Community Edition 2019.3.3\jbr\bin\api-ms-win-core-localization-l1-2-0.dll
0x0000022261fb0000 - 0x0000022261fb3000 	C:\Program Files\JetBrains\IntelliJ IDEA Community Edition 2019.3.3\jbr\bin\api-ms-win-core-memory-l1-1-0.dll
0x000002227d5c0000 - 0x000002227d5c3000 	C:\Program Files\JetBrains\IntelliJ IDEA Community Edition 2019.3.3\jbr\bin\api-ms-win-core-namedpipe-l1-1-0.dll
0x000002227d5d0000 - 0x000002227d5d3000 	C:\Program Files\JetBrains\IntelliJ IDEA Community Edition 2019.3.3\jbr\bin\api-ms-win-core-processenvironment-l1-1-0.dll
0x000002227d5e0000 - 0x000002227d5e3000 	C:\Program Files\JetBrains\IntelliJ IDEA Community Edition 2019.3.3\jbr\bin\api-ms-win-core-processthreads-l1-1-0.dll
0x000002227d5f0000 - 0x000002227d5f3000 	C:\Program Files\JetBrains\IntelliJ IDEA Community Edition 2019.3.3\jbr\bin\api-ms-win-core-processthreads-l1-1-1.dll
0x000002227d600000 - 0x000002227d603000 	C:\Program Files\JetBrains\IntelliJ IDEA Community Edition 2019.3.3\jbr\bin\api-ms-win-core-profile-l1-1-0.dll
0x000002227d610000 - 0x000002227d613000 	C:\Program Files\JetBrains\IntelliJ IDEA Community Edition 2019.3.3\jbr\bin\api-ms-win-core-rtlsupport-l1-1-0.dll
0x000002227d620000 - 0x000002227d623000 	C:\Program Files\JetBrains\IntelliJ IDEA Community Edition 2019.3.3\jbr\bin\api-ms-win-core-string-l1-1-0.dll
0x000002227d630000 - 0x000002227d633000 	C:\Program Files\JetBrains\IntelliJ IDEA Community Edition 2019.3.3\jbr\bin\api-ms-win-core-synch-l1-1-0.dll
0x000002227d640000 - 0x000002227d643000 	C:\Program Files\JetBrains\IntelliJ IDEA Community Edition 2019.3.3\jbr\bin\api-ms-win-core-synch-l1-2-0.dll
0x000002227d650000 - 0x000002227d653000 	C:\Program Files\JetBrains\IntelliJ IDEA Community Edition 2019.3.3\jbr\bin\api-ms-win-core-sysinfo-l1-1-0.dll
0x000002227d660000 - 0x000002227d663000 	C:\Program Files\JetBrains\IntelliJ IDEA Community Edition 2019.3.3\jbr\bin\api-ms-win-core-timezone-l1-1-0.dll
0x000002227d670000 - 0x000002227d673000 	C:\Program Files\JetBrains\IntelliJ IDEA Community Edition 2019.3.3\jbr\bin\api-ms-win-core-util-l1-1-0.dll
0x000002227d680000 - 0x000002227d683000 	C:\Program Files\JetBrains\IntelliJ IDEA Community Edition 2019.3.3\jbr\bin\api-ms-win-crt-conio-l1-1-0.dll
0x000002227d690000 - 0x000002227d694000 	C:\Program Files\JetBrains\IntelliJ IDEA Community Edition 2019.3.3\jbr\bin\api-ms-win-crt-convert-l1-1-0.dll
0x000002227d6a0000 - 0x000002227d6a3000 	C:\Program Files\JetBrains\IntelliJ IDEA Community Edition 2019.3.3\jbr\bin\api-ms-win-crt-environment-l1-1-0.dll
0x000002227d6b0000 - 0x000002227d6b3000 	C:\Program Files\JetBrains\IntelliJ IDEA Community Edition 2019.3.3\jbr\bin\api-ms-win-crt-filesystem-l1-1-0.dll
0x000002227d6c0000 - 0x000002227d6c3000 	C:\Program Files\JetBrains\IntelliJ IDEA Community Edition 2019.3.3\jbr\bin\api-ms-win-crt-heap-l1-1-0.dll
0x000002227d6d0000 - 0x000002227d6d3000 	C:\Program Files\JetBrains\IntelliJ IDEA Community Edition 2019.3.3\jbr\bin\api-ms-win-crt-locale-l1-1-0.dll
0x000002227d6e0000 - 0x000002227d6e5000 	C:\Program Files\JetBrains\IntelliJ IDEA Community Edition 2019.3.3\jbr\bin\api-ms-win-crt-math-l1-1-0.dll
0x000002227d6f0000 - 0x000002227d6f5000 	C:\Program Files\JetBrains\IntelliJ IDEA Community Edition 2019.3.3\jbr\bin\api-ms-win-crt-multibyte-l1-1-0.dll
0x000002227d700000 - 0x000002227d710000 	C:\Program Files\JetBrains\IntelliJ IDEA Community Edition 2019.3.3\jbr\bin\api-ms-win-crt-private-l1-1-0.dll
0x000002227d710000 - 0x000002227d713000 	C:\Program Files\JetBrains\IntelliJ IDEA Community Edition 2019.3.3\jbr\bin\api-ms-win-crt-process-l1-1-0.dll
0x000002227d720000 - 0x000002227d724000 	C:\Program Files\JetBrains\IntelliJ IDEA Community Edition 2019.3.3\jbr\bin\api-ms-win-crt-runtime-l1-1-0.dll
0x000002227d730000 - 0x000002227d734000 	C:\Program Files\JetBrains\IntelliJ IDEA Community Edition 2019.3.3\jbr\bin\api-ms-win-crt-stdio-l1-1-0.dll
0x000002227d740000 - 0x000002227d744000 	C:\Program Files\JetBrains\IntelliJ IDEA Community Edition 2019.3.3\jbr\bin\api-ms-win-crt-string-l1-1-0.dll
0x000002227d750000 - 0x000002227d753000 	C:\Program Files\JetBrains\IntelliJ IDEA Community Edition 2019.3.3\jbr\bin\api-ms-win-crt-time-l1-1-0.dll
0x000002227d760000 - 0x000002227d763000 	C:\Program Files\JetBrains\IntelliJ IDEA Community Edition 2019.3.3\jbr\bin\api-ms-win-crt-utility-l1-1-0.dll
0x00007ff9ab9c0000 - 0x00007ff9ababa000 	C:\Program Files\JetBrains\IntelliJ IDEA Community Edition 2019.3.3\jbr\bin\ucrtbase.dll
0x00007ff9cedf0000 - 0x00007ff9cee42000 	C:\Windows\System32\concrt140.dll
0x00007ff9d16c0000 - 0x00007ff9d16e3000 	C:\Program Files\JetBrains\IntelliJ IDEA Community Edition 2019.3.3\jbr\bin\prism_d3d.dll
0x00007ff9d2aa0000 - 0x00007ff9d2c3e000 	C:\WINDOWS\system32\d3d9.dll
0x00007ffa055f0000 - 0x00007ffa0561e000 	C:\WINDOWS\SYSTEM32\dwmapi.dll
0x00007ffa07390000 - 0x00007ffa0756c000 	C:\WINDOWS\System32\CRYPT32.dll
0x00007ffa06cf0000 - 0x00007ffa06d02000 	C:\WINDOWS\System32\MSASN1.dll
0x00007ffa04f70000 - 0x00007ffa0500c000 	C:\WINDOWS\system32\uxtheme.dll
0x00007ff9d1510000 - 0x00007ff9d1555000 	C:\Program Files\JetBrains\IntelliJ IDEA Community Edition 2019.3.3\jbr\bin\glass.dll
0x00007ffa08330000 - 0x00007ffa08457000 	C:\WINDOWS\System32\COMDLG32.dll
0x00007ffa08510000 - 0x00007ffa08665000 	C:\WINDOWS\System32\ole32.dll
0x00007ffa08a40000 - 0x00007ffa08b04000 	C:\WINDOWS\System32\OLEAUT32.dll
0x00007ffa0aa20000 - 0x00007ffa0ab8b000 	C:\WINDOWS\System32\MSCTF.dll
0x00007ff9e46c0000 - 0x00007ff9e46da000 	C:\Program Files\JetBrains\IntelliJ IDEA Community Edition 2019.3.3\jbr\bin\net.dll
0x00007ff9f8b70000 - 0x00007ff9f8c62000 	C:\WINDOWS\SYSTEM32\WINHTTP.dll
0x00007ffa06560000 - 0x00007ffa065c7000 	C:\WINDOWS\system32\mswsock.dll
0x00007ff9d7d70000 - 0x00007ff9d7d84000 	C:\Program Files\JetBrains\IntelliJ IDEA Community Edition 2019.3.3\jbr\bin\nio.dll
0x00007ff9d1640000 - 0x00007ff9d1654000 	C:\Program Files\JetBrains\IntelliJ IDEA Community Edition 2019.3.3\jbr\bin\javafx_font.dll
0x00007ff9d4430000 - 0x00007ff9d45d1000 	C:\Program Files\JetBrains\IntelliJ IDEA Community Edition 2019.3.3\jbr\bin\awt.dll
0x00007ffa04e40000 - 0x00007ffa04ecc000 	C:\WINDOWS\SYSTEM32\apphelp.dll
0x00007ff9d4af0000 - 0x00007ff9d4b75000 	C:\Program Files\JetBrains\IntelliJ IDEA Community Edition 2019.3.3\jbr\bin\freetype.dll
0x00007ff9d4380000 - 0x00007ff9d4428000 	C:\Program Files\JetBrains\IntelliJ IDEA Community Edition 2019.3.3\jbr\bin\fontmanager.dll
0x00007ff9ed0c0000 - 0x00007ff9ed3bc000 	C:\WINDOWS\SYSTEM32\dwrite.dll
0x00007ffa0a170000 - 0x00007ffa0a212000 	C:\WINDOWS\System32\clbcatq.dll
0x00007ffa014d0000 - 0x00007ffa01688000 	C:\WINDOWS\SYSTEM32\WindowsCodecs.dll
0x00007ff9e05d0000 - 0x00007ff9e0626000 	C:\WINDOWS\system32\dataexchange.dll
0x00007ffa03ec0000 - 0x00007ffa0413e000 	C:\WINDOWS\system32\d3d11.dll
0x00007ffa04700000 - 0x00007ffa048c3000 	C:\WINDOWS\system32\dcomp.dll
0x00007ffa05af0000 - 0x00007ffa05bb2000 	C:\WINDOWS\system32\dxgi.dll
0x00007ffa05390000 - 0x00007ffa0559d000 	C:\WINDOWS\system32\twinapi.appcore.dll
0x00007ffa055a0000 - 0x00007ffa055c8000 	C:\WINDOWS\system32\RMCLIENT.dll
0x00007ff9d36b0000 - 0x00007ff9d36e3000 	C:\Program Files\Common Files\Microsoft Shared\Ink\rtscom.dll
0x00007ff9f85c0000 - 0x00007ff9f8655000 	C:\WINDOWS\System32\TextInputFramework.dll
0x00007ffa019d0000 - 0x00007ffa01cf2000 	C:\WINDOWS\System32\CoreUIComponents.dll
0x00007ffa04c30000 - 0x00007ffa04d12000 	C:\WINDOWS\System32\CoreMessaging.dll
0x00007ffa05d60000 - 0x00007ffa05d91000 	C:\WINDOWS\SYSTEM32\ntmarta.dll
0x00007ffa02b10000 - 0x00007ffa02c63000 	C:\WINDOWS\SYSTEM32\wintypes.dll
0x00007ffa04140000 - 0x00007ffa046fe000 	C:\WINDOWS\SYSTEM32\d2d1.dll
0x00007ff9b6110000 - 0x00007ff9b684b000 	C:\WINDOWS\SYSTEM32\D3D10Warp.dll

dbghelp: loaded successfully - version: 4.0.5 - missing functions: none
symbol engine: initialized successfully - sym options: 0x614 - pdb path: .;C:\Program Files\JetBrains\IntelliJ IDEA Community Edition 2019.3.3\jbr\bin;C:\WINDOWS\SYSTEM32;C:\WINDOWS\WinSxS\amd64_microsoft.windows.common-controls_6595b64144ccf1df_6.0.17763.1158_none_de722d88534a897f;C:\Program Files\JetBrains\IntelliJ IDEA Community Edition 2019.3.3\jbr\bin\server;C:\Program Files\Common Files\Microsoft Shared\Ink

VM Arguments:
jvm_args: -Dfile.encoding=windows-1252 -Duser.country=GB -Duser.language=en -Duser.variant 
java_command: oop.PeaklassProov
java_class_path (initial): C:\OOP-ruhmatoo2\OOP-R1\graafikaversioon\build\classes\java\main;C:\OOP-ruhmatoo2\OOP-R1\graafikaversioon\build\resources\main;C:\Users\Elis\.gradle\caches\modules-2\files-2.1\org.openjfx\javafx-fxml\11.0.2\b3242e4c031558574de2a1da685bb5fcdbb8a530\javafx-fxml-11.0.2-win.jar;C:\Users\Elis\.gradle\caches\modules-2\files-2.1\org.openjfx\javafx-controls\11.0.2\6c763707769c18adce406904c771c2ad1fcc370b\javafx-controls-11.0.2-win.jar;C:\Users\Elis\.gradle\caches\modules-2\files-2.1\org.openjfx\javafx-controls\11.0.2\4ab633cf1eea60f76e2ae9905aedac862da88b08\javafx-controls-11.0.2.jar;C:\Users\Elis\.gradle\caches\modules-2\files-2.1\org.openjfx\javafx-graphics\11.0.2\20459ea2cf714942bcbeb78a7f70ba3531dc1a44\javafx-graphics-11.0.2-win.jar;C:\Users\Elis\.gradle\caches\modules-2\files-2.1\org.openjfx\javafx-graphics\11.0.2\e522eb4ea422eceeee207b1c266ba3db19b2343a\javafx-graphics-11.0.2.jar;C:\Users\Elis\.gradle\caches\modules-2\files-2.1\org.openjfx\javafx-base\11.0.2\1852e57b8cf9a9b6488c33605bccd5d06ff210e1\javafx-base-11.0.2-win.jar;C:\Users\Elis\.gradle\caches\modules-2\files-2.1\org.openjfx\javafx-base\11.0.2\7fb2e4a8528ec9e434a9ac9ee98b39af79e6dcb8\javafx-base-11.0.2.jar
Launcher Type: SUN_STANDARD

[Global flags]
     intx CICompilerCount                          = 3                                         {product} {ergonomic}
     uint ConcGCThreads                            = 1                                         {product} {ergonomic}
     uint G1ConcRefinementThreads                  = 4                                         {product} {ergonomic}
   size_t G1HeapRegionSize                         = 1048576                                   {product} {ergonomic}
    uintx GCDrainStackTargetSize                   = 64                                        {product} {ergonomic}
   size_t InitialHeapSize                          = 132120576                                 {product} {ergonomic}
   size_t MarkStackSize                            = 4194304                                   {product} {ergonomic}
   size_t MaxHeapSize                              = 2113929216                                {product} {ergonomic}
   size_t MaxNewSize                               = 1267728384                                {product} {ergonomic}
   size_t MinHeapDeltaBytes                        = 1048576                                   {product} {ergonomic}
    uintx NonNMethodCodeHeapSize                   = 5830732                                {pd product} {ergonomic}
    uintx NonProfiledCodeHeapSize                  = 122913754                              {pd product} {ergonomic}
    uintx ProfiledCodeHeapSize                     = 122913754                              {pd product} {ergonomic}
    uintx ReservedCodeCacheSize                    = 251658240                              {pd product} {ergonomic}
     bool SegmentedCodeCache                       = true                                      {product} {ergonomic}
     bool UseCompressedClassPointers               = true                                 {lp64_product} {ergonomic}
     bool UseCompressedOops                        = true                                 {lp64_product} {ergonomic}
     bool UseG1GC                                  = true                                      {product} {ergonomic}
     bool UseLargePagesIndividualAllocation        = false                                  {pd product} {ergonomic}

Logging:
Log output configuration:
 #0: stdout all=warning uptime,level,tags
 #1: stderr all=off uptime,level,tags

Environment Variables:
PATH=C:\Program Files\ImageMagick-7.0.8-Q16;C:\Program Files (x86)\Intel\iCLS Client\;C:\Program Files\Intel\iCLS Client\;C:\WINDOWS\system32;C:\WINDOWS;C:\WINDOWS\System32\Wbem;C:\WINDOWS\System32\WindowsPowerShell\v1.0\;C:\WINDOWS\System32\OpenSSH\;C:\Program Files\Intel\Intel(R) Management Engine Components\DAL;C:\Program Files\Intel\Intel(R) Management Engine Components\IPT;C:\Program Files (x86)\Intel\Intel(R) Management Engine Components\DAL;C:\Program Files (x86)\Intel\Intel(R) Management Engine Components\IPT;C:\Program Files (x86)\IDEMIA\AWP\Dlls;C:\Program Files\IDEMIA\AWP\Dlls;C:\Users\Elis\OneDrive\LIKOOL\proge\environments\progeprojekt.env\Scripts;C:\Program Files\CMake\bin;C:\Users\Elis\AppData\Local\Programs\Python\Python37\python.exe;C:\Program Files\gnuplot\bin\wgnuplot.exe;C:\Program Files\jdk-11.0.6\bin;C:\Program Files\SQL Anywhere 17\bin64;C:\Program Files\SQL Anywhere 17\bin32;C:\Users\Elis\AppData\Local\Programs\Python\Python36\Scripts\;C:\Users\Elis\AppData\Local\Programs\Python\Python36\;C:\Users\Elis\AppData\Local\Programs\Python\Python37\Scripts\;C:\Users\Elis\AppData\Local\Programs\Python\Python37\;C:\Program Files\ImageMagick-7.0.8-Q16;C:\Program Files (x86)\Intel\iCLS Client\;C:\Program Files\Intel\iCLS Client\;C:\WINDOWS\system32;C:\WINDOWS;C:\WINDOWS\System32\Wbem;C:\WINDOWS\System32\WindowsPowerShell\v1.0\;C:\WINDOWS\System32\OpenSSH\;C:\Program Files\Intel\Intel(R) Management Engine Components\DAL;C:\Program Files\Intel\Intel(R) Management Engine Components\IPT;C:\Program Files (x86)\Intel\Intel(R) Management Engine Components\DAL;C:\Program Files (x86)\Intel\Intel(R) Management Engine Components\IPT;C:\Program Files (x86)\IDEMIA\AWP\Dlls;C:\Program Files\IDEMIA\AWP\Dlls;C:\Users\Elis\AppData\Local\Programs\Python\Python37-32;C:\Users\Elis\AppData\Local\Microsoft\WindowsApps;C:\Users\Elis\AppData\Local\Programs\MiKTeX 2.9\miktex\bin\x64\;C:\Users\Elis\AppData\Local\Programs\Microsoft VS Code\bin;C:\Users\Elis\OneDrive\LIKOOL\proge\ve
USERNAME=Elis
OS=Windows_NT
PROCESSOR_IDENTIFIER=Intel64 Family 6 Model 58 Stepping 9, GenuineIntel



---------------  S Y S T E M  ---------------

OS: Windows 10 , 64 bit Build 17763 (10.0.17763.1158)

CPU:total 4 (initial active 4) (2 cores per cpu, 2 threads per core) family 6 model 58 stepping 9, cmov, cx8, fxsr, mmx, sse, sse2, sse3, ssse3, sse4.1, sse4.2, popcnt, avx, aes, clmul, erms, ht, tsc, tscinvbit, tscinv

Memory: 4k page, system-wide physical 8059M (1679M free)
TotalPageFile size 14020M (AvailPageFile size 2269M)
current process WorkingSet (physical memory assigned to process): 136M, peak: 206M
current process commit charge ("private bytes"): 230M, peak: 309M

vm_info: OpenJDK 64-Bit Server VM (11.0.6+8-b520.43) for windows-amd64 JRE (11.0.6+8-b520.43), built on Feb  3 2020 14:18:56 by "" with MS VC++ 14.0 (VS2015)

END.
