#
# A fatal error has been detected by the Java Runtime Environment:
#
#  EXCEPTION_ACCESS_VIOLATION (0xc0000005) at pc=0x00007ff9d1536700, pid=14380, tid=14012
#
# JRE version: OpenJDK Runtime Environment (11.0.6+8) (build 11.0.6+8-b520.43)
# Java VM: OpenJDK 64-Bit Server VM (11.0.6+8-b520.43, mixed mode, tiered, compressed oops, g1 gc, windows-amd64)
# Problematic frame:
# C  [glass.dll+0x26700]
#
# No core dump will be written. Minidumps are not enabled by default on client versions of Windows
#
# If you would like to submit a bug report, please visit:
#   http://bugreport.java.com/bugreport/crash.jsp
#

---------------  S U M M A R Y ------------

Command Line: -Dfile.encoding=windows-1252 -Duser.country=GB -Duser.language=en -Duser.variant oop.Peaklass

Host: Intel(R) Core(TM) i7-3687U CPU @ 2.10GHz, 4 cores, 7G,  Windows 10 , 64 bit Build 17763 (10.0.17763.1158)
Time: Sun May  3 01:31:05 2020 FLE Summer Time elapsed time: 9 seconds (0d 0h 0m 9s)

---------------  T H R E A D  ---------------

Current thread (0x00000250d39f6000):  VMThread "VM Thread" [stack: 0x0000005dae900000,0x0000005daea00000] [id=14012]

Stack: [0x0000005dae900000,0x0000005daea00000],  sp=0x0000005dae9ff2f0,  free space=1020k
Native frames: (J=compiled Java code, j=interpreted, Vv=VM code, C=native code)
C  [glass.dll+0x26700]


siginfo: EXCEPTION_ACCESS_VIOLATION (0xc0000005), reading address 0x0000000000000000


Register to memory mapping:

RIP=0x00007ff9d1536700 glass.dll
RAX=0x0 is NULL
RBX=0x00000250d3a0d8b8 is a global jni handle
RCX=0x00000250d39f6000 points into unknown readable memory: b8 8c 1e af f9 7f 00 00
RDX=0x0000005dae9ff2f0 points into unknown readable memory: 00 00 00 00 00 00 00 00
RSP=0x0000005dae9ff2f0 points into unknown readable memory: 00 00 00 00 00 00 00 00
RBP=0x00000250d485d958 points into unknown readable memory: 80 e2 53 56 57 29 00 00
RSI=0x00000250d485d930 points into unknown readable memory: bc d4 00 87 ae 56 00 00
RDI=0x000029575653e280 is an unknown value
R8 =0x0000000000010002 is an unknown value
R9 =0x000029575653e280 is an unknown value
R10=
[error occurred during error reporting (printing register info), id 0xc0000005, EXCEPTION_ACCESS_VIOLATION (0xc0000005) at pc=0x00007ff9aec36ce7]

Registers:
RAX=0x0000000000000000, RBX=0x00000250d3a0d8b8, RCX=0x00000250d39f6000, RDX=0x0000005dae9ff2f0
RSP=0x0000005dae9ff2f0, RBP=0x00000250d485d958, RSI=0x00000250d485d930, RDI=0x000029575653e280
R8 =0x0000000000010002, R9 =0x000029575653e280, R10=0x00000000ffffffff, R11=0x0000005dae9ff200
R12=0x00007ff9d1533b54, R13=0x00007ff9af3804b0, R14=0x0000005dae9ff3f8, R15=0x00000250d485d930
RIP=0x00007ff9d1536700, EFLAGS=0x0000000000010206

Top of Stack: (sp=0x0000005dae9ff2f0)
0x0000005dae9ff2f0:   0000000000000000 00007ffa06f6c7eb
0x0000005dae9ff300:   00000250d485d940 0000025000000000
0x0000005dae9ff310:   fffffffffffffffe 00007ff9d154a1a0
0x0000005dae9ff320:   00000250d485d938 00007ffa06f73e26
0x0000005dae9ff330:   00000250d485d940 0000025000000000
0x0000005dae9ff340:   0000000000000000 00007ffa06f70f54
0x0000005dae9ff350:   fffffffffffffffe 0000000000000001
0x0000005dae9ff360:   0000000000000001 00007ff9d1510000
0x0000005dae9ff370:   0000005dae9ff3e8 00007ffa06f73d4b
0x0000005dae9ff380:   0000000000000000 0000005dae9ff3f8
0x0000005dae9ff390:   0000005dae9ff6b0 00007ffa0704c130
0x0000005dae9ff3a0:   0000000000000000 00007ffa06f73d04
0x0000005dae9ff3b0:   0000000000000000 0000000000000001
0x0000005dae9ff3c0:   000000000000000d 0000005dae9ff3e8
0x0000005dae9ff3d0:   0000000000000000 00007ff9d15339e2
0x0000005dae9ff3e0:   00007ff9d154d108 0000025000000002 

Instructions: (pc=0x00007ff9d1536700)
0x00007ff9d1536600:   8b 4d 60 e8 58 c9 ff ff 48 8b 55 68 48 8b 8d 08
0x00007ff9d1536610:   01 00 00 e8 09 be ff ff 33 d2 33 c9 e8 49 de ff
0x00007ff9d1536620:   ff 90 cc cc cc cc cc cc cc cc cc cc cc cc cc cc
0x00007ff9d1536630:   48 8d 8a 80 00 00 00 e9 84 e8 fe ff 48 89 54 24
0x00007ff9d1536640:   10 55 48 83 ec 20 48 8b ea 48 8d 05 9d ca ff ff
0x00007ff9d1536650:   48 83 c4 20 5d c3 cc 40 55 48 8b ea 48 8b 01 33
0x00007ff9d1536660:   c9 81 38 05 00 00 c0 0f 94 c1 8b c1 5d c3 cc 40
0x00007ff9d1536670:   55 48 83 ec 20 48 8b ea 8a 4d 40 48 83 c4 20 5d
0x00007ff9d1536680:   e9 9f cd ff ff cc 40 55 48 83 ec 20 48 8b ea e8
0x00007ff9d1536690:   bc cb ff ff 8a 4d 38 48 83 c4 20 5d e9 83 cd ff
0x00007ff9d15366a0:   ff cc 40 55 48 83 ec 30 48 8b ea 48 8b 01 8b 10
0x00007ff9d15366b0:   48 89 4c 24 28 89 54 24 20 4c 8d 0d 64 d1 ff ff
0x00007ff9d15366c0:   4c 8b 45 70 8b 55 68 48 8b 4d 60 e8 f0 ca ff ff
0x00007ff9d15366d0:   90 48 83 c4 30 5d c3 cc cc cc cc cc cc cc cc cc
0x00007ff9d15366e0:   40 53 48 83 ec 30 48 c7 44 24 20 fe ff ff ff 48
0x00007ff9d15366f0:   8b 1d 1a 64 01 00 48 85 db 74 16 e8 e0 85 ff ff
0x00007ff9d1536700:   4c 8b 00 48 8b d3 48 8b c8 41 ff 90 b0 00 00 00
0x00007ff9d1536710:   90 48 83 c4 30 5b c3 cc cc cc cc cc cc cc cc cc
0x00007ff9d1536720:   40 53 48 83 ec 20 48 8b 1d 7b 65 01 00 48 85 db
0x00007ff9d1536730:   74 57 b8 ff ff ff ff f0 0f c1 43 10 83 f8 01 75
0x00007ff9d1536740:   3d 48 85 db 74 38 48 8b 0b 48 85 c9 74 0d ff 15
0x00007ff9d1536750:   5c 0b 00 00 48 c7 03 00 00 00 00 48 8b 4b 08 48
0x00007ff9d1536760:   85 c9 74 0d e8 f7 c7 ff ff 48 c7 43 08 00 00 00
0x00007ff9d1536770:   00 ba 18 00 00 00 48 8b cb e8 e2 c7 ff ff 48 c7
0x00007ff9d1536780:   05 1f 65 01 00 00 00 00 00 48 83 c4 20 5b c3 cc
0x00007ff9d1536790:   40 53 48 83 ec 20 48 8b 1d eb 64 01 00 48 85 db
0x00007ff9d15367a0:   74 57 b8 ff ff ff ff f0 0f c1 43 10 83 f8 01 75
0x00007ff9d15367b0:   3d 48 85 db 74 38 48 8b 0b 48 85 c9 74 0d ff 15
0x00007ff9d15367c0:   ec 0a 00 00 48 c7 03 00 00 00 00 48 8b 4b 08 48
0x00007ff9d15367d0:   85 c9 74 0d e8 87 c7 ff ff 48 c7 43 08 00 00 00
0x00007ff9d15367e0:   00 ba 18 00 00 00 48 8b cb e8 72 c7 ff ff 48 c7
0x00007ff9d15367f0:   05 8f 64 01 00 00 00 00 00 48 83 c4 20 5b c3 cc 


Stack slot to memory mapping:
stack at sp + 0 slots: 0x0 is NULL
stack at sp + 1 slots: 0x00007ffa06f6c7eb ucrtbase.dll
stack at sp + 2 slots: 0x00000250d485d940 points into unknown readable memory: 80 e2 53 56 57 29 00 00
stack at sp + 3 slots: 0x0000025000000000 is an unknown value
stack at sp + 4 slots: 0xfffffffffffffffe is an unknown value
stack at sp + 5 slots: 0x00007ff9d154a1a0 glass.dll
stack at sp + 6 slots: 0x00000250d485d938 points into unknown readable memory: 80 e2 53 56 57 29 00 00
stack at sp + 7 slots: 0x00007ffa06f73e26 ucrtbase.dll

VM_Operation (0x0000005daf6f6c80): Exit, mode: safepoint, requested by thread 0x00000250d4863800


---------------  P R O C E S S  ---------------

Threads class SMR info:
_java_thread_list=0x00000250d4a2dfa0, length=17, elements={
0x00000250b993e800, 0x00000250d39fc000, 0x00000250d39fe000, 0x00000250d3a1a800,
0x00000250d3a1d000, 0x00000250d3a25800, 0x00000250d4379000, 0x00000250d44e4800,
0x00000250d44f3800, 0x00000250d485d000, 0x00000250d48a5800, 0x00000250d4863800,
0x00000250d49f7000, 0x00000250d4a14000, 0x00000250d4d31800, 0x00000250d4a26800,
0x00000250d4a3d800
}

Java Threads: ( => current thread )
  0x00000250b993e800 JavaThread "main" [_thread_blocked, id=28248, stack(0x0000005dae300000,0x0000005dae400000)]
  0x00000250d39fc000 JavaThread "Reference Handler" daemon [_thread_blocked, id=16908, stack(0x0000005daea00000,0x0000005daeb00000)]
  0x00000250d39fe000 JavaThread "Finalizer" daemon [_thread_blocked, id=28132, stack(0x0000005daeb00000,0x0000005daec00000)]
  0x00000250d3a1a800 JavaThread "Attach Listener" daemon [_thread_blocked, id=12064, stack(0x0000005daed00000,0x0000005daee00000)]
  0x00000250d3a1d000 JavaThread "C2 CompilerThread0" daemon [_thread_blocked, id=27524, stack(0x0000005daee00000,0x0000005daef00000)]
  0x00000250d3a25800 JavaThread "C1 CompilerThread0" daemon [_thread_blocked, id=23440, stack(0x0000005daef00000,0x0000005daf000000)]
  0x00000250d4379000 JavaThread "Sweeper thread" daemon [_thread_blocked, id=24704, stack(0x0000005daf000000,0x0000005daf100000)]
  0x00000250d44e4800 JavaThread "Service Thread" daemon [_thread_blocked, id=17972, stack(0x0000005daf100000,0x0000005daf200000)]
  0x00000250d44f3800 JavaThread "Common-Cleaner" daemon [_thread_blocked, id=23392, stack(0x0000005daf300000,0x0000005daf400000)]
  0x00000250d485d000 JavaThread "QuantumRenderer-0" daemon [_thread_blocked, id=17804, stack(0x0000005daf400000,0x0000005daf500000)]
  0x00000250d48a5800 JavaThread "InvokeLaterDispatcher" daemon [_thread_blocked, id=13532, stack(0x0000005daf500000,0x0000005daf600000)]
  0x00000250d4863800 JavaThread "JavaFX Application Thread" [_thread_blocked, id=27856, stack(0x0000005daf600000,0x0000005daf700000)]
  0x00000250d49f7000 JavaThread "JavaFX-Launcher" [_thread_blocked, id=24248, stack(0x0000005dafb00000,0x0000005dafc00000)]
  0x00000250d4a14000 JavaThread "Thread-2" daemon [_thread_in_native, id=28588, stack(0x0000005dafa00000,0x0000005dafb00000)]
  0x00000250d4d31800 JavaThread "Java2D Disposer" daemon [_thread_blocked, id=18748, stack(0x0000005db0000000,0x0000005db0100000)]
  0x00000250d4a26800 JavaThread "Prism Font Disposer" daemon [_thread_blocked, id=24108, stack(0x0000005daff00000,0x0000005db0000000)]
  0x00000250d4a3d800 JavaThread "Cleaner-0" daemon [_thread_blocked, id=21692, stack(0x0000005db0500000,0x0000005db0600000)]

Other Threads:
=>0x00000250d39f6000 VMThread "VM Thread" [stack: 0x0000005dae900000,0x0000005daea00000] [id=14012]
  0x00000250b9957800 GCTaskThread "GC Thread#0" [stack: 0x0000005dae400000,0x0000005dae500000] [id=18540]
  0x00000250d4a13000 GCTaskThread "GC Thread#1" [stack: 0x0000005dafc00000,0x0000005dafd00000] [id=6328]
  0x00000250d4a25800 GCTaskThread "GC Thread#2" [stack: 0x0000005dafd00000,0x0000005dafe00000] [id=26576]
  0x00000250d4a5b800 GCTaskThread "GC Thread#3" [stack: 0x0000005dafe00000,0x0000005daff00000] [id=4884]
  0x00000250b9988800 ConcurrentGCThread "G1 Main Marker" [stack: 0x0000005dae500000,0x0000005dae600000] [id=21252]
  0x00000250b998a000 ConcurrentGCThread "G1 Conc#0" [stack: 0x0000005dae600000,0x0000005dae700000] [id=13268]
  0x00000250d3840800 ConcurrentGCThread "G1 Refine#0" [stack: 0x0000005dae700000,0x0000005dae800000] [id=2320]
  0x00000250d3841800 ConcurrentGCThread "G1 Young RemSet Sampling" [stack: 0x0000005dae800000,0x0000005dae900000] [id=15676]

Threads with active compile tasks:
C2 CompilerThread0   9280 2319 %     4       com.sun.marlin.DRenderer::_endRendering @ 251 (2489 bytes)

VM state:at safepoint (shutting down)

VM Mutex/Monitor currently owned by a thread:  ([mutex/lock_event])
[0x00000250b993caf0] Threads_lock - owner thread: 0x00000250d39f6000

Heap address: 0x0000000082000000, size: 2016 MB, Compressed Oops mode: 32-bit
Narrow klass base: 0x0000000000000000, Narrow klass shift: 3
Compressed class space size: 1073741824 Address: 0x0000000100000000

Heap:
 garbage-first heap   total 129024K, used 29007K [0x0000000082000000, 0x0000000100000000)
  region size 1024K, 18 young (18432K), 7 survivors (7168K)
 Metaspace       used 22492K, capacity 23267K, committed 23344K, reserved 1069056K
  class space    used 2594K, capacity 2944K, committed 2944K, reserved 1048576K
Heap Regions: E=young(eden), S=young(survivor), O=old, HS=humongous(starts), HC=humongous(continues), CS=collection set, F=free, A=archive, TAMS=top-at-mark-start (previous, next)
|   0|0x0000000082000000, 0x0000000082100000, 0x0000000082100000|100%|HS|  |TAMS 0x0000000082100000, 0x0000000082000000| Complete 
|   1|0x0000000082100000, 0x0000000082200000, 0x0000000082200000|100%|HC|  |TAMS 0x0000000082200000, 0x0000000082100000| Complete 
|   2|0x0000000082200000, 0x0000000082300000, 0x0000000082300000|100%|HS|  |TAMS 0x0000000082300000, 0x0000000082200000| Complete 
|   3|0x0000000082300000, 0x0000000082400000, 0x0000000082400000|100%|HC|  |TAMS 0x0000000082400000, 0x0000000082300000| Complete 
|   4|0x0000000082400000, 0x0000000082500000, 0x0000000082500000|100%|HS|  |TAMS 0x0000000082500000, 0x0000000082400000| Complete 
|   5|0x0000000082500000, 0x0000000082600000, 0x0000000082600000|100%|HC|  |TAMS 0x0000000082600000, 0x0000000082500000| Complete 
|   6|0x0000000082600000, 0x0000000082700000, 0x0000000082700000|100%|HS|  |TAMS 0x0000000082700000, 0x0000000082600000| Complete 
|   7|0x0000000082700000, 0x0000000082800000, 0x0000000082800000|100%|HC|  |TAMS 0x0000000082800000, 0x0000000082700000| Complete 
|   8|0x0000000082800000, 0x0000000082900000, 0x0000000082900000|100%|HS|  |TAMS 0x0000000082900000, 0x0000000082800000| Complete 
|   9|0x0000000082900000, 0x0000000082a00000, 0x0000000082a00000|100%|HC|  |TAMS 0x0000000082a00000, 0x0000000082900000| Complete 
|  10|0x0000000082a00000, 0x0000000082b00000, 0x0000000082b00000|100%|HS|  |TAMS 0x0000000082a00000, 0x0000000082a00000| Complete 
|  11|0x0000000082b00000, 0x0000000082c00000, 0x0000000082c00000|100%|HC|  |TAMS 0x0000000082b00000, 0x0000000082b00000| Complete 
|  12|0x0000000082c00000, 0x0000000082c00000, 0x0000000082d00000|  0%| F|  |TAMS 0x0000000082c00000, 0x0000000082c00000| Untracked 
|  13|0x0000000082d00000, 0x0000000082d00000, 0x0000000082e00000|  0%| F|  |TAMS 0x0000000082d00000, 0x0000000082d00000| Untracked 
|  14|0x0000000082e00000, 0x0000000082e00000, 0x0000000082f00000|  0%| F|  |TAMS 0x0000000082e00000, 0x0000000082e00000| Untracked 
|  15|0x0000000082f00000, 0x0000000082f00000, 0x0000000083000000|  0%| F|  |TAMS 0x0000000082f00000, 0x0000000082f00000| Untracked 
|  16|0x0000000083000000, 0x0000000083000000, 0x0000000083100000|  0%| F|  |TAMS 0x0000000083000000, 0x0000000083000000| Untracked 
|  17|0x0000000083100000, 0x0000000083100000, 0x0000000083200000|  0%| F|  |TAMS 0x0000000083100000, 0x0000000083100000| Untracked 
|  18|0x0000000083200000, 0x0000000083200000, 0x0000000083300000|  0%| F|  |TAMS 0x0000000083200000, 0x0000000083200000| Untracked 
|  19|0x0000000083300000, 0x0000000083300000, 0x0000000083400000|  0%| F|  |TAMS 0x0000000083300000, 0x0000000083300000| Untracked 
|  20|0x0000000083400000, 0x0000000083400000, 0x0000000083500000|  0%| F|  |TAMS 0x0000000083400000, 0x0000000083400000| Untracked 
|  21|0x0000000083500000, 0x0000000083500000, 0x0000000083600000|  0%| F|  |TAMS 0x0000000083500000, 0x0000000083500000| Untracked 
|  22|0x0000000083600000, 0x0000000083600000, 0x0000000083700000|  0%| F|  |TAMS 0x0000000083600000, 0x0000000083600000| Untracked 
|  23|0x0000000083700000, 0x0000000083700000, 0x0000000083800000|  0%| F|  |TAMS 0x0000000083700000, 0x0000000083700000| Untracked 
|  24|0x0000000083800000, 0x0000000083800000, 0x0000000083900000|  0%| F|  |TAMS 0x0000000083800000, 0x0000000083800000| Untracked 
|  25|0x0000000083900000, 0x0000000083900000, 0x0000000083a00000|  0%| F|  |TAMS 0x0000000083900000, 0x0000000083900000| Untracked 
|  26|0x0000000083a00000, 0x0000000083a00000, 0x0000000083b00000|  0%| F|  |TAMS 0x0000000083a00000, 0x0000000083a00000| Untracked 
|  27|0x0000000083b00000, 0x0000000083b00000, 0x0000000083c00000|  0%| F|  |TAMS 0x0000000083b00000, 0x0000000083b00000| Untracked 
|  28|0x0000000083c00000, 0x0000000083c00000, 0x0000000083d00000|  0%| F|  |TAMS 0x0000000083c00000, 0x0000000083c00000| Untracked 
|  29|0x0000000083d00000, 0x0000000083d00000, 0x0000000083e00000|  0%| F|  |TAMS 0x0000000083d00000, 0x0000000083d00000| Untracked 
|  30|0x0000000083e00000, 0x0000000083e00000, 0x0000000083f00000|  0%| F|  |TAMS 0x0000000083e00000, 0x0000000083e00000| Untracked 
|  31|0x0000000083f00000, 0x0000000083f00000, 0x0000000084000000|  0%| F|  |TAMS 0x0000000083f00000, 0x0000000083f00000| Untracked 
|  32|0x0000000084000000, 0x0000000084000000, 0x0000000084100000|  0%| F|  |TAMS 0x0000000084000000, 0x0000000084000000| Untracked 
|  33|0x0000000084100000, 0x0000000084100000, 0x0000000084200000|  0%| F|  |TAMS 0x0000000084100000, 0x0000000084100000| Untracked 
|  34|0x0000000084200000, 0x0000000084200000, 0x0000000084300000|  0%| F|  |TAMS 0x0000000084200000, 0x0000000084200000| Untracked 
|  35|0x0000000084300000, 0x0000000084300000, 0x0000000084400000|  0%| F|  |TAMS 0x0000000084300000, 0x0000000084300000| Untracked 
|  36|0x0000000084400000, 0x0000000084400000, 0x0000000084500000|  0%| F|  |TAMS 0x0000000084400000, 0x0000000084400000| Untracked 
|  37|0x0000000084500000, 0x0000000084500000, 0x0000000084600000|  0%| F|  |TAMS 0x0000000084500000, 0x0000000084500000| Untracked 
|  38|0x0000000084600000, 0x0000000084600000, 0x0000000084700000|  0%| F|  |TAMS 0x0000000084600000, 0x0000000084600000| Untracked 
|  39|0x0000000084700000, 0x0000000084700000, 0x0000000084800000|  0%| F|  |TAMS 0x0000000084700000, 0x0000000084700000| Untracked 
|  40|0x0000000084800000, 0x0000000084800000, 0x0000000084900000|  0%| F|  |TAMS 0x0000000084800000, 0x0000000084800000| Untracked 
|  41|0x0000000084900000, 0x0000000084900000, 0x0000000084a00000|  0%| F|  |TAMS 0x0000000084900000, 0x0000000084900000| Untracked 
|  42|0x0000000084a00000, 0x0000000084a00000, 0x0000000084b00000|  0%| F|  |TAMS 0x0000000084a00000, 0x0000000084a00000| Untracked 
|  43|0x0000000084b00000, 0x0000000084b00000, 0x0000000084c00000|  0%| F|  |TAMS 0x0000000084b00000, 0x0000000084b00000| Untracked 
|  44|0x0000000084c00000, 0x0000000084c00000, 0x0000000084d00000|  0%| F|  |TAMS 0x0000000084c00000, 0x0000000084c00000| Untracked 
|  45|0x0000000084d00000, 0x0000000084d00000, 0x0000000084e00000|  0%| F|  |TAMS 0x0000000084d00000, 0x0000000084d00000| Untracked 
|  46|0x0000000084e00000, 0x0000000084e00000, 0x0000000084f00000|  0%| F|  |TAMS 0x0000000084e00000, 0x0000000084e00000| Untracked 
|  47|0x0000000084f00000, 0x0000000084f00000, 0x0000000085000000|  0%| F|  |TAMS 0x0000000084f00000, 0x0000000084f00000| Untracked 
|  48|0x0000000085000000, 0x0000000085000000, 0x0000000085100000|  0%| F|  |TAMS 0x0000000085000000, 0x0000000085000000| Untracked 
|  49|0x0000000085100000, 0x0000000085100000, 0x0000000085200000|  0%| F|  |TAMS 0x0000000085100000, 0x0000000085100000| Untracked 
|  50|0x0000000085200000, 0x0000000085200000, 0x0000000085300000|  0%| F|  |TAMS 0x0000000085200000, 0x0000000085200000| Untracked 
|  51|0x0000000085300000, 0x0000000085300000, 0x0000000085400000|  0%| F|  |TAMS 0x0000000085300000, 0x0000000085300000| Untracked 
|  52|0x0000000085400000, 0x0000000085400000, 0x0000000085500000|  0%| F|  |TAMS 0x0000000085400000, 0x0000000085400000| Untracked 
|  53|0x0000000085500000, 0x0000000085500000, 0x0000000085600000|  0%| F|  |TAMS 0x0000000085500000, 0x0000000085500000| Untracked 
|  54|0x0000000085600000, 0x0000000085600000, 0x0000000085700000|  0%| F|  |TAMS 0x0000000085600000, 0x0000000085600000| Untracked 
|  55|0x0000000085700000, 0x0000000085700000, 0x0000000085800000|  0%| F|  |TAMS 0x0000000085700000, 0x0000000085700000| Untracked 
|  56|0x0000000085800000, 0x0000000085800000, 0x0000000085900000|  0%| F|  |TAMS 0x0000000085800000, 0x0000000085800000| Untracked 
|  57|0x0000000085900000, 0x0000000085900000, 0x0000000085a00000|  0%| F|  |TAMS 0x0000000085900000, 0x0000000085900000| Untracked 
|  58|0x0000000085a00000, 0x0000000085a00000, 0x0000000085b00000|  0%| F|  |TAMS 0x0000000085a00000, 0x0000000085a00000| Untracked 
|  59|0x0000000085b00000, 0x0000000085b00000, 0x0000000085c00000|  0%| F|  |TAMS 0x0000000085b00000, 0x0000000085b00000| Untracked 
|  60|0x0000000085c00000, 0x0000000085c00000, 0x0000000085d00000|  0%| F|  |TAMS 0x0000000085c00000, 0x0000000085c00000| Untracked 
|  61|0x0000000085d00000, 0x0000000085d00000, 0x0000000085e00000|  0%| F|  |TAMS 0x0000000085d00000, 0x0000000085d00000| Untracked 
|  62|0x0000000085e00000, 0x0000000085e00000, 0x0000000085f00000|  0%| F|  |TAMS 0x0000000085e00000, 0x0000000085e00000| Untracked 
|  63|0x0000000085f00000, 0x0000000085f00000, 0x0000000086000000|  0%| F|  |TAMS 0x0000000085f00000, 0x0000000085f00000| Untracked 
|  64|0x0000000086000000, 0x0000000086000000, 0x0000000086100000|  0%| F|  |TAMS 0x0000000086000000, 0x0000000086000000| Untracked 
|  65|0x0000000086100000, 0x0000000086100000, 0x0000000086200000|  0%| F|  |TAMS 0x0000000086100000, 0x0000000086100000| Untracked 
|  66|0x0000000086200000, 0x0000000086200000, 0x0000000086300000|  0%| F|  |TAMS 0x0000000086200000, 0x0000000086200000| Untracked 
|  67|0x0000000086300000, 0x0000000086300000, 0x0000000086400000|  0%| F|  |TAMS 0x0000000086300000, 0x0000000086300000| Untracked 
|  68|0x0000000086400000, 0x0000000086400000, 0x0000000086500000|  0%| F|  |TAMS 0x0000000086400000, 0x0000000086400000| Untracked 
|  69|0x0000000086500000, 0x0000000086500000, 0x0000000086600000|  0%| F|  |TAMS 0x0000000086500000, 0x0000000086500000| Untracked 
|  70|0x0000000086600000, 0x0000000086600000, 0x0000000086700000|  0%| F|  |TAMS 0x0000000086600000, 0x0000000086600000| Untracked 
|  71|0x0000000086700000, 0x0000000086700000, 0x0000000086800000|  0%| F|  |TAMS 0x0000000086700000, 0x0000000086700000| Untracked 
|  72|0x0000000086800000, 0x0000000086800000, 0x0000000086900000|  0%| F|  |TAMS 0x0000000086800000, 0x0000000086800000| Untracked 
|  73|0x0000000086900000, 0x0000000086900000, 0x0000000086a00000|  0%| F|  |TAMS 0x0000000086900000, 0x0000000086900000| Untracked 
|  74|0x0000000086a00000, 0x0000000086a00000, 0x0000000086b00000|  0%| F|  |TAMS 0x0000000086a00000, 0x0000000086a00000| Untracked 
|  75|0x0000000086b00000, 0x0000000086b00000, 0x0000000086c00000|  0%| F|  |TAMS 0x0000000086b00000, 0x0000000086b00000| Untracked 
|  76|0x0000000086c00000, 0x0000000086c00000, 0x0000000086d00000|  0%| F|  |TAMS 0x0000000086c00000, 0x0000000086c00000| Untracked 
|  77|0x0000000086d00000, 0x0000000086d00000, 0x0000000086e00000|  0%| F|  |TAMS 0x0000000086d00000, 0x0000000086d00000| Untracked 
|  78|0x0000000086e00000, 0x0000000086e00000, 0x0000000086f00000|  0%| F|  |TAMS 0x0000000086e00000, 0x0000000086e00000| Untracked 
|  79|0x0000000086f00000, 0x0000000086f00000, 0x0000000087000000|  0%| F|  |TAMS 0x0000000086f00000, 0x0000000086f00000| Untracked 
|  80|0x0000000087000000, 0x0000000087000000, 0x0000000087100000|  0%| F|  |TAMS 0x0000000087000000, 0x0000000087000000| Untracked 
|  81|0x0000000087100000, 0x0000000087100000, 0x0000000087200000|  0%| F|  |TAMS 0x0000000087100000, 0x0000000087100000| Untracked 
|  82|0x0000000087200000, 0x0000000087200000, 0x0000000087300000|  0%| F|  |TAMS 0x0000000087200000, 0x0000000087200000| Untracked 
|  83|0x0000000087300000, 0x0000000087300000, 0x0000000087400000|  0%| F|  |TAMS 0x0000000087300000, 0x0000000087300000| Untracked 
|  84|0x0000000087400000, 0x0000000087400000, 0x0000000087500000|  0%| F|  |TAMS 0x0000000087400000, 0x0000000087400000| Untracked 
|  85|0x0000000087500000, 0x0000000087553ca8, 0x0000000087600000| 32%| S|CS|TAMS 0x0000000087500000, 0x0000000087500000| Complete 
|  86|0x0000000087600000, 0x0000000087700000, 0x0000000087700000|100%| S|CS|TAMS 0x0000000087600000, 0x0000000087600000| Complete 
|  87|0x0000000087700000, 0x0000000087800000, 0x0000000087800000|100%| S|CS|TAMS 0x0000000087700000, 0x0000000087700000| Complete 
|  88|0x0000000087800000, 0x0000000087900000, 0x0000000087900000|100%| S|CS|TAMS 0x0000000087800000, 0x0000000087800000| Complete 
|  89|0x0000000087900000, 0x0000000087a00000, 0x0000000087a00000|100%| S|CS|TAMS 0x0000000087900000, 0x0000000087900000| Complete 
|  90|0x0000000087a00000, 0x0000000087b00000, 0x0000000087b00000|100%| S|CS|TAMS 0x0000000087a00000, 0x0000000087a00000| Complete 
|  91|0x0000000087b00000, 0x0000000087c00000, 0x0000000087c00000|100%| S|CS|TAMS 0x0000000087b00000, 0x0000000087b00000| Complete 
|  92|0x0000000087c00000, 0x0000000087c00000, 0x0000000087d00000|  0%| F|  |TAMS 0x0000000087c00000, 0x0000000087c00000| Untracked 
|  93|0x0000000087d00000, 0x0000000087d00000, 0x0000000087e00000|  0%| F|  |TAMS 0x0000000087d00000, 0x0000000087d00000| Untracked 
|  94|0x0000000087e00000, 0x0000000087e00000, 0x0000000087f00000|  0%| F|  |TAMS 0x0000000087e00000, 0x0000000087e00000| Untracked 
|  95|0x0000000087f00000, 0x0000000087f00000, 0x0000000088000000|  0%| F|  |TAMS 0x0000000087f00000, 0x0000000087f00000| Untracked 
|  96|0x0000000088000000, 0x0000000088000000, 0x0000000088100000|  0%| F|  |TAMS 0x0000000088000000, 0x0000000088000000| Untracked 
|  97|0x0000000088100000, 0x0000000088100000, 0x0000000088200000|  0%| F|  |TAMS 0x0000000088100000, 0x0000000088100000| Untracked 
|  98|0x0000000088200000, 0x0000000088200000, 0x0000000088300000|  0%| F|  |TAMS 0x0000000088200000, 0x0000000088200000| Untracked 
|  99|0x0000000088300000, 0x0000000088300000, 0x0000000088400000|  0%| F|  |TAMS 0x0000000088300000, 0x0000000088300000| Untracked 
| 100|0x0000000088400000, 0x0000000088400000, 0x0000000088500000|  0%| F|  |TAMS 0x0000000088400000, 0x0000000088400000| Untracked 
| 101|0x0000000088500000, 0x0000000088500000, 0x0000000088600000|  0%| F|  |TAMS 0x0000000088500000, 0x0000000088500000| Untracked 
| 102|0x0000000088600000, 0x0000000088600000, 0x0000000088700000|  0%| F|  |TAMS 0x0000000088600000, 0x0000000088600000| Untracked 
| 103|0x0000000088700000, 0x0000000088700000, 0x0000000088800000|  0%| F|  |TAMS 0x0000000088700000, 0x0000000088700000| Untracked 
| 104|0x0000000088800000, 0x0000000088800000, 0x0000000088900000|  0%| F|  |TAMS 0x0000000088800000, 0x0000000088800000| Untracked 
| 105|0x0000000088900000, 0x0000000088900000, 0x0000000088a00000|  0%| F|  |TAMS 0x0000000088900000, 0x0000000088900000| Untracked 
| 106|0x0000000088a00000, 0x0000000088a00000, 0x0000000088b00000|  0%| F|  |TAMS 0x0000000088a00000, 0x0000000088a00000| Untracked 
| 107|0x0000000088b00000, 0x0000000088b00000, 0x0000000088c00000|  0%| F|  |TAMS 0x0000000088b00000, 0x0000000088b00000| Untracked 
| 108|0x0000000088c00000, 0x0000000088c00000, 0x0000000088d00000|  0%| F|  |TAMS 0x0000000088c00000, 0x0000000088c00000| Untracked 
| 109|0x0000000088d00000, 0x0000000088d00000, 0x0000000088e00000|  0%| F|  |TAMS 0x0000000088d00000, 0x0000000088d00000| Untracked 
| 110|0x0000000088e00000, 0x0000000088e00000, 0x0000000088f00000|  0%| F|  |TAMS 0x0000000088e00000, 0x0000000088e00000| Untracked 
| 111|0x0000000088f00000, 0x0000000088f00000, 0x0000000089000000|  0%| F|  |TAMS 0x0000000088f00000, 0x0000000088f00000| Untracked 
| 112|0x0000000089000000, 0x0000000089000000, 0x0000000089100000|  0%| F|  |TAMS 0x0000000089000000, 0x0000000089000000| Untracked 
| 113|0x0000000089100000, 0x0000000089100000, 0x0000000089200000|  0%| F|  |TAMS 0x0000000089100000, 0x0000000089100000| Untracked 
| 114|0x0000000089200000, 0x0000000089200000, 0x0000000089300000|  0%| F|  |TAMS 0x0000000089200000, 0x0000000089200000| Untracked 
| 115|0x0000000089300000, 0x0000000089324588, 0x0000000089400000| 14%| E|  |TAMS 0x0000000089300000, 0x0000000089300000| Complete 
| 116|0x0000000089400000, 0x0000000089500000, 0x0000000089500000|100%| E|CS|TAMS 0x0000000089400000, 0x0000000089400000| Complete 
| 117|0x0000000089500000, 0x0000000089600000, 0x0000000089600000|100%| E|CS|TAMS 0x0000000089500000, 0x0000000089500000| Complete 
| 118|0x0000000089600000, 0x0000000089700000, 0x0000000089700000|100%| E|CS|TAMS 0x0000000089600000, 0x0000000089600000| Complete 
| 119|0x0000000089700000, 0x0000000089800000, 0x0000000089800000|100%| E|CS|TAMS 0x0000000089700000, 0x0000000089700000| Complete 
| 120|0x0000000089800000, 0x0000000089900000, 0x0000000089900000|100%| E|CS|TAMS 0x0000000089800000, 0x0000000089800000| Complete 
| 121|0x0000000089900000, 0x0000000089a00000, 0x0000000089a00000|100%| E|CS|TAMS 0x0000000089900000, 0x0000000089900000| Complete 
| 122|0x0000000089a00000, 0x0000000089b00000, 0x0000000089b00000|100%| E|CS|TAMS 0x0000000089a00000, 0x0000000089a00000| Complete 
| 123|0x0000000089b00000, 0x0000000089c00000, 0x0000000089c00000|100%| E|CS|TAMS 0x0000000089b00000, 0x0000000089b00000| Complete 
| 124|0x0000000089c00000, 0x0000000089d00000, 0x0000000089d00000|100%| E|CS|TAMS 0x0000000089c00000, 0x0000000089c00000| Complete 
| 125|0x0000000089d00000, 0x0000000089e00000, 0x0000000089e00000|100%| E|CS|TAMS 0x0000000089d00000, 0x0000000089d00000| Complete 

Card table byte_map: [0x00000250cce00000,0x00000250cd1f0000] _byte_map_base: 0x00000250cc9f0000

Marking Bits (Prev, Next): (CMBitMap*) 0x00000250b997fc60, (CMBitMap*) 0x00000250b997fc28
 Prev Bits: [0x00000250cf560000, 0x00000250d14e0000)
 Next Bits: [0x00000250cd5e0000, 0x00000250cf560000)

Polling page: 0x00000250b7710000

Metaspace:

Usage:
  Non-class:     19.85 MB capacity,    19.43 MB ( 98%) used,   341.94 KB (  2%) free+waste,    82.94 KB ( <1%) overhead. 
      Class:      2.88 MB capacity,     2.53 MB ( 88%) used,   306.17 KB ( 10%) free+waste,    43.06 KB (  1%) overhead. 
       Both:     22.72 MB capacity,    21.97 MB ( 97%) used,   648.11 KB (  3%) free+waste,   126.00 KB ( <1%) overhead. 

Virtual space:
  Non-class space:       20.00 MB reserved,      19.92 MB (>99%) committed 
      Class space:        1.00 GB reserved,       2.88 MB ( <1%) committed 
             Both:        1.02 GB reserved,      22.80 MB (  2%) committed 

Chunk freelists:
   Non-Class:  29.00 KB
       Class:  0 bytes
        Both:  29.00 KB

MaxMetaspaceSize: 17179869184.00 GB
CompressedClassSpaceSize: 1.00 GB

CodeHeap 'non-profiled nmethods': size=120064Kb used=1243Kb max_used=1243Kb free=118820Kb
 bounds [0x00000250c54d0000, 0x00000250c5740000, 0x00000250cca10000]
CodeHeap 'profiled nmethods': size=120000Kb used=4452Kb max_used=4452Kb free=115547Kb
 bounds [0x00000250bdfa0000, 0x00000250be400000, 0x00000250c54d0000]
CodeHeap 'non-nmethods': size=5696Kb used=1365Kb max_used=1366Kb free=4330Kb
 bounds [0x00000250bda10000, 0x00000250bdc80000, 0x00000250bdfa0000]
 total_blobs=3888 nmethods=2335 adapters=683
 compilation: enabled
              stopped_count=0, restarted_count=0
 full_count=0

Compilation events (20 events):
Event: 8.651 Thread 0x00000250d3a25800 2335       1       javafx.scene.layout.Region::snappedBottomInset (5 bytes)
Event: 8.651 Thread 0x00000250d3a25800 nmethod 2335 0x00000250c5605f90 code [0x00000250c5606140, 0x00000250c5606258]
Event: 8.651 Thread 0x00000250d3a25800 2336       1       javafx.scene.layout.Region::snappedLeftInset (5 bytes)
Event: 8.651 Thread 0x00000250d3a25800 nmethod 2336 0x00000250c5606310 code [0x00000250c56064c0, 0x00000250c56065d8]
Event: 8.651 Thread 0x00000250d3a25800 2337       3       com.sun.javafx.geom.transform.AffineBase::updateState2D (210 bytes)
Event: 8.652 Thread 0x00000250d3a25800 nmethod 2337 0x00000250be3f6b10 code [0x00000250be3f6d20, 0x00000250be3f7518]
Event: 8.652 Thread 0x00000250d3a25800 2338       1       javafx.scene.layout.BackgroundFill::getInsets (5 bytes)
Event: 8.652 Thread 0x00000250d3a25800 nmethod 2338 0x00000250c5606690 code [0x00000250c5606840, 0x00000250c5606958]
Event: 8.653 Thread 0x00000250d3a25800 2339       1       javafx.scene.layout.BackgroundFill::getRadii (5 bytes)
Event: 8.653 Thread 0x00000250d3a25800 nmethod 2339 0x00000250c5606a10 code [0x00000250c5606bc0, 0x00000250c5606cd8]
Event: 8.661 Thread 0x00000250d3a25800 2340       3       javafx.collections.ListChangeListener$Change::<init> (10 bytes)
Event: 8.661 Thread 0x00000250d3a25800 nmethod 2340 0x00000250be3f7590 code [0x00000250be3f7740, 0x00000250be3f7958]
Event: 8.661 Thread 0x00000250d3a25800 2341       3       com.sun.javafx.collections.ListListenerHelper::fireValueChangedEvent (14 bytes)
Event: 8.661 Thread 0x00000250d3a25800 nmethod 2341 0x00000250be3f7a10 code [0x00000250be3f7be0, 0x00000250be3f7f00]
Event: 8.665 Thread 0x00000250d3a25800 2342   !   3       javafx.event.Event::clone (16 bytes)
Event: 8.665 Thread 0x00000250d3a25800 nmethod 2342 0x00000250be3f8010 code [0x00000250be3f81e0, 0x00000250be3f8460]
Event: 8.670 Thread 0x00000250d3a25800 2343       3       jdk.internal.org.objectweb.asm.MethodVisitor::visitInsn (16 bytes)
Event: 8.670 Thread 0x00000250d3a25800 nmethod 2343 0x00000250be3f8590 code [0x00000250be3f8760, 0x00000250be3f89b0]
Event: 8.675 Thread 0x00000250d3a25800 2344       3       jdk.internal.org.objectweb.asm.MethodVisitor::visitMethodInsn (68 bytes)
Event: 8.676 Thread 0x00000250d3a25800 nmethod 2344 0x00000250be3f8a90 code [0x00000250be3f8c80, 0x00000250be3f9130]

GC Heap History (4 events):
Event: 0.797 GC heap before
{Heap before GC invocations=0 (full 0):
 garbage-first heap   total 129024K, used 13312K [0x0000000082000000, 0x0000000100000000)
  region size 1024K, 14 young (14336K), 0 survivors (0K)
 Metaspace       used 9411K, capacity 9712K, committed 9856K, reserved 1058816K
  class space    used 929K, capacity 1058K, committed 1152K, reserved 1048576K
}
Event: 0.802 GC heap after
{Heap after GC invocations=1 (full 0):
 garbage-first heap   total 129024K, used 1794K [0x0000000082000000, 0x0000000100000000)
  region size 1024K, 2 young (2048K), 2 survivors (2048K)
 Metaspace       used 9411K, capacity 9712K, committed 9856K, reserved 1058816K
  class space    used 929K, capacity 1058K, committed 1152K, reserved 1048576K
}
Event: 2.580 GC heap before
{Heap before GC invocations=1 (full 0):
 garbage-first heap   total 129024K, used 42754K [0x0000000082000000, 0x0000000100000000)
  region size 1024K, 34 young (34816K), 2 survivors (2048K)
 Metaspace       used 20625K, capacity 21235K, committed 21296K, reserved 1069056K
  class space    used 2390K, capacity 2682K, committed 2688K, reserved 1048576K
}
Event: 2.606 GC heap after
{Heap after GC invocations=2 (full 0):
 garbage-first heap   total 129024K, used 16719K [0x0000000082000000, 0x0000000100000000)
  region size 1024K, 7 young (7168K), 7 survivors (7168K)
 Metaspace       used 20625K, capacity 21235K, committed 21296K, reserved 1069056K
  class space    used 2390K, capacity 2682K, committed 2688K, reserved 1048576K
}

Deoptimization events (20 events):
Event: 6.669 Thread 0x00000250d485d000 DEOPT PACKING pc=0x00000250be377301 sp=0x0000005daf4fd840
Event: 6.669 Thread 0x00000250d485d000 DEOPT UNPACKING pc=0x00000250bda38cce sp=0x0000005daf4fcc70 mode 0
Event: 6.669 Thread 0x00000250d485d000 DEOPT PACKING pc=0x00000250be377301 sp=0x0000005daf4fd840
Event: 6.669 Thread 0x00000250d485d000 DEOPT UNPACKING pc=0x00000250bda38cce sp=0x0000005daf4fcc70 mode 0
Event: 6.670 Thread 0x00000250d485d000 DEOPT PACKING pc=0x00000250be377301 sp=0x0000005daf4fd840
Event: 6.670 Thread 0x00000250d485d000 DEOPT UNPACKING pc=0x00000250bda38cce sp=0x0000005daf4fcc70 mode 0
Event: 6.670 Thread 0x00000250d485d000 DEOPT PACKING pc=0x00000250be377301 sp=0x0000005daf4fd840
Event: 6.670 Thread 0x00000250d485d000 DEOPT UNPACKING pc=0x00000250bda38cce sp=0x0000005daf4fcc70 mode 0
Event: 6.671 Thread 0x00000250d485d000 DEOPT PACKING pc=0x00000250be37739d sp=0x0000005daf4fdb50
Event: 6.671 Thread 0x00000250d485d000 DEOPT UNPACKING pc=0x00000250bda38cce sp=0x0000005daf4fcf90 mode 0
Event: 6.672 Thread 0x00000250d485d000 DEOPT PACKING pc=0x00000250be37739d sp=0x0000005daf4fdb50
Event: 6.672 Thread 0x00000250d485d000 DEOPT UNPACKING pc=0x00000250bda38cce sp=0x0000005daf4fcf90 mode 0
Event: 6.673 Thread 0x00000250d485d000 DEOPT PACKING pc=0x00000250be37739d sp=0x0000005daf4fdb50
Event: 6.673 Thread 0x00000250d485d000 DEOPT UNPACKING pc=0x00000250bda38cce sp=0x0000005daf4fcf90 mode 0
Event: 8.082 Thread 0x00000250d485d000 DEOPT PACKING pc=0x00000250be3c3a03 sp=0x0000005daf4fdd80
Event: 8.082 Thread 0x00000250d485d000 DEOPT UNPACKING pc=0x00000250bda38cce sp=0x0000005daf4fd168 mode 0
Event: 8.532 Thread 0x00000250d485d000 DEOPT PACKING pc=0x00000250be3c3627 sp=0x0000005daf4fdd80
Event: 8.532 Thread 0x00000250d485d000 DEOPT UNPACKING pc=0x00000250bda38cce sp=0x0000005daf4fd168 mode 0
Event: 8.653 Thread 0x00000250d485d000 DEOPT PACKING pc=0x00000250be3c3627 sp=0x0000005daf4fdd80
Event: 8.653 Thread 0x00000250d485d000 DEOPT UNPACKING pc=0x00000250bda38cce sp=0x0000005daf4fd168 mode 0

Classes redefined (0 events):
No events

Internal exceptions (20 events):
Event: 2.461 Thread 0x00000250d4863800 Exception <a 'java/lang/IncompatibleClassChangeError'{0x0000000087fc0528}: Found class java.lang.Object, but interface was expected> (0x0000000087fc0528) thrown at [c:/BuildAgent/work/5ff2f6c26000d570/src/hotspot/share/interpreter/linkResolver.cpp, line 8
Event: 2.621 Thread 0x00000250d485d000 Exception <a 'java/lang/NoSuchMethodError'{0x0000000089de43b0}: 'int java.lang.invoke.DirectMethodHandle$Holder.invokeStaticInit(java.lang.Object, java.lang.Object)'> (0x0000000089de43b0) thrown at [c:/BuildAgent/work/5ff2f6c26000d570/src/hotspot/share/in
Event: 4.268 Thread 0x00000250d4863800 Exception <a 'java/lang/NoSuchMethodError'{0x0000000089771808}: 'java.lang.Object java.lang.invoke.DirectMethodHandle$Holder.invokeStatic(java.lang.Object, java.lang.Object, int, int, int, int, int, java.lang.Object)'> (0x0000000089771808) thrown at [c:/B
Event: 4.270 Thread 0x00000250d4863800 Exception <a 'java/lang/NoSuchMethodError'{0x00000000897820a0}: 'java.lang.Object java.lang.invoke.DirectMethodHandle$Holder.invokeStatic(java.lang.Object, java.lang.Object, java.lang.Object, int, int, int, int, int)'> (0x00000000897820a0) thrown at [c:/B
Event: 4.270 Thread 0x00000250d4863800 Exception <a 'java/lang/NoSuchMethodError'{0x00000000897889b0}: 'java.lang.Object java.lang.invoke.Invokers$Holder.linkToTargetMethod(java.lang.Object, java.lang.Object, int, int, int, int, int, java.lang.Object)'> (0x00000000897889b0) thrown at [c:/Build
Event: 4.330 Thread 0x00000250d4863800 Exception <a 'java/lang/NoSuchMethodError'{0x000000008960c348}: 'long java.lang.invoke.DirectMethodHandle$Holder.invokeStaticInit(java.lang.Object, java.lang.Object, java.lang.Object)'> (0x000000008960c348) thrown at [c:/BuildAgent/work/5ff2f6c26000d570/s
Event: 4.335 Thread 0x00000250d4863800 Exception <a 'java/lang/NoSuchMethodError'{0x0000000089624ee0}: 'java.lang.Object java.lang.invoke.DirectMethodHandle$Holder.invokeStatic(java.lang.Object, java.lang.Object, long)'> (0x0000000089624ee0) thrown at [c:/BuildAgent/work/5ff2f6c26000d570/src/h
Event: 4.336 Thread 0x00000250d4863800 Exception <a 'java/lang/NoSuchMethodError'{0x000000008962b5a8}: 'java.lang.Object java.lang.invoke.Invokers$Holder.linkToTargetMethod(java.lang.Object, long, java.lang.Object)'> (0x000000008962b5a8) thrown at [c:/BuildAgent/work/5ff2f6c26000d570/src/hotsp
Event: 5.194 Thread 0x00000250d4863800 Exception <a 'java/lang/NoSuchMethodError'{0x0000000089519428}: 'java.lang.Object java.lang.invoke.DirectMethodHandle$Holder.invokeSpecial(java.lang.Object, java.lang.Object, int, int, int, int, int, int)'> (0x0000000089519428) thrown at [c:/BuildAgent/wo
Event: 5.195 Thread 0x00000250d4863800 Exception <a 'java/lang/NoSuchMethodError'{0x000000008951ccb0}: 'java.lang.Object java.lang.invoke.DelegatingMethodHandle$Holder.reinvoke_L(java.lang.Object, int, int, int, int, int, int)'> (0x000000008951ccb0) thrown at [c:/BuildAgent/work/5ff2f6c26000d5
Event: 5.196 Thread 0x00000250d4863800 Exception <a 'java/lang/NoSuchMethodError'{0x0000000089523d18}: 'java.lang.Object java.lang.invoke.DirectMethodHandle$Holder.invokeStatic(java.lang.Object, java.lang.Object, java.lang.Object, java.lang.Object, java.lang.Object, int)'> (0x0000000089523d18)
Event: 5.204 Thread 0x00000250d4863800 Exception <a 'java/lang/NoSuchMethodError'{0x0000000089566058}: 'java.lang.Object java.lang.invoke.DirectMethodHandle$Holder.invokeStatic(java.lang.Object, java.lang.Object, java.lang.Object, java.lang.Object, java.lang.Object, java.lang.Object, java.lang
Event: 5.208 Thread 0x00000250d4863800 Exception <a 'java/lang/NoSuchMethodError'{0x0000000089580740}: 'java.lang.Object java.lang.invoke.DirectMethodHandle$Holder.invokeStatic(java.lang.Object, java.lang.Object, java.lang.Object, java.lang.Object, java.lang.Object, java.lang.Object, java.lang
Event: 5.214 Thread 0x00000250d4863800 Exception <a 'java/lang/reflect/InvocationTargetException'{0x0000000089599ba8}> (0x0000000089599ba8) thrown at [c:/BuildAgent/work/5ff2f6c26000d570/src/hotspot/share/runtime/reflection.cpp, line 1247]
Event: 5.214 Thread 0x00000250d4863800 Exception <a 'java/lang/RuntimeException'{0x000000008959abe8}> (0x000000008959abe8) thrown at [c:/BuildAgent/work/5ff2f6c26000d570/src/hotspot/share/prims/jvm.cpp, line 1301]
Event: 6.647 Thread 0x00000250d4863800 Exception <a 'java/lang/reflect/InvocationTargetException'{0x00000000895e2548}> (0x00000000895e2548) thrown at [c:/BuildAgent/work/5ff2f6c26000d570/src/hotspot/share/runtime/reflection.cpp, line 1247]
Event: 6.647 Thread 0x00000250d4863800 Exception <a 'java/lang/RuntimeException'{0x00000000895e3588}> (0x00000000895e3588) thrown at [c:/BuildAgent/work/5ff2f6c26000d570/src/hotspot/share/prims/jvm.cpp, line 1301]
Event: 6.877 Thread 0x00000250d4863800 Exception <a 'java/lang/reflect/InvocationTargetException'{0x0000000089421e40}> (0x0000000089421e40) thrown at [c:/BuildAgent/work/5ff2f6c26000d570/src/hotspot/share/runtime/reflection.cpp, line 1247]
Event: 6.877 Thread 0x00000250d4863800 Exception <a 'java/lang/RuntimeException'{0x0000000089422e80}> (0x0000000089422e80) thrown at [c:/BuildAgent/work/5ff2f6c26000d570/src/hotspot/share/prims/jvm.cpp, line 1301]
Event: 8.676 Thread 0x00000250d7b40800 Exception <a 'java/lang/IllegalStateException'{0x0000000089305a08}> (0x0000000089305a08) thrown at [c:/BuildAgent/work/5ff2f6c26000d570/src/hotspot/share/prims/jvm.cpp, line 1301]

Events (20 events):
Event: 8.670 loading class com/sun/javafx/tk/quantum/ViewScene
Event: 8.670 loading class com/sun/javafx/tk/quantum/ViewScene done
Event: 8.671 loading class com/sun/javafx/tk/quantum/WindowStage
Event: 8.671 loading class com/sun/javafx/tk/quantum/WindowStage done
Event: 8.673 Executing VM operation: RevokeBias
Event: 8.673 Executing VM operation: RevokeBias done
Event: 8.673 loading class java/util/IdentityHashMap$KeyIterator
Event: 8.673 loading class java/util/IdentityHashMap$IdentityHashMapIterator
Event: 8.673 loading class java/util/IdentityHashMap$IdentityHashMapIterator done
Event: 8.673 loading class java/util/IdentityHashMap$KeyIterator done
Event: 8.673 Thread 0x00000250d7b40800 Thread added: 0x00000250d7b40800
Event: 8.674 Executing VM operation: RevokeBias
Event: 8.675 Executing VM operation: RevokeBias done
Event: 8.675 loading class com/sun/javafx/tk/quantum/QuantumRenderer
Event: 8.675 loading class com/sun/javafx/tk/quantum/QuantumRenderer done
Event: 8.676 loading class com/sun/javafx/tk/quantum/QuantumToolkit
Event: 8.676 loading class com/sun/javafx/tk/quantum/QuantumToolkit done
Event: 8.676 Thread 0x00000250d7b40800 Thread exited: 0x00000250d7b40800
Event: 8.677 Thread 0x00000250d3a19800 Thread exited: 0x00000250d3a19800
Event: 8.677 Executing VM operation: Exit


Dynamic libraries:
0x00007ff76f550000 - 0x00007ff76f55a000 	C:\Program Files\JetBrains\IntelliJ IDEA Community Edition 2019.3.3\jbr\bin\java.exe
0x00007ffa0ad00000 - 0x00007ffa0aeed000 	C:\WINDOWS\SYSTEM32\ntdll.dll
0x00007ffa07f20000 - 0x00007ffa07fd3000 	C:\WINDOWS\System32\KERNEL32.DLL
0x00007ffa07060000 - 0x00007ffa072f5000 	C:\WINDOWS\System32\KERNELBASE.dll
0x00007ffa06f60000 - 0x00007ffa0705a000 	C:\WINDOWS\System32\ucrtbase.dll
0x00007ff9d7dc0000 - 0x00007ff9d7dd9000 	C:\Program Files\JetBrains\IntelliJ IDEA Community Edition 2019.3.3\jbr\bin\jli.dll
0x00007ff9d4d00000 - 0x00007ff9d4d17000 	C:\Program Files\JetBrains\IntelliJ IDEA Community Edition 2019.3.3\jbr\bin\VCRUNTIME140.dll
0x00007ffa08040000 - 0x00007ffa081d7000 	C:\WINDOWS\System32\USER32.dll
0x00007ffa07d60000 - 0x00007ffa07d80000 	C:\WINDOWS\System32\win32u.dll
0x00007ffa08ba0000 - 0x00007ffa08bc9000 	C:\WINDOWS\System32\GDI32.dll
0x00007ff9f09d0000 - 0x00007ff9f0c49000 	C:\WINDOWS\WinSxS\amd64_microsoft.windows.common-controls_6595b64144ccf1df_6.0.17763.1158_none_de722d88534a897f\COMCTL32.dll
0x00007ffa06dc0000 - 0x00007ffa06f59000 	C:\WINDOWS\System32\gdi32full.dll
0x00007ffa089a0000 - 0x00007ffa08a3e000 	C:\WINDOWS\System32\msvcrt.dll
0x00007ffa07cc0000 - 0x00007ffa07d60000 	C:\WINDOWS\System32\msvcp_win.dll
0x00007ffa08670000 - 0x00007ffa0899c000 	C:\WINDOWS\System32\combase.dll
0x00007ffa0a2c0000 - 0x00007ffa0a3e2000 	C:\WINDOWS\System32\RPCRT4.dll
0x00007ffa07dd0000 - 0x00007ffa07e4e000 	C:\WINDOWS\System32\bcryptPrimitives.dll
0x00007ffa0a280000 - 0x00007ffa0a2ae000 	C:\WINDOWS\System32\IMM32.DLL
0x00007ff9cc7e0000 - 0x00007ff9cc87d000 	C:\Program Files\JetBrains\IntelliJ IDEA Community Edition 2019.3.3\jbr\bin\msvcp140.dll
0x00007ff9ae960000 - 0x00007ff9af41d000 	C:\Program Files\JetBrains\IntelliJ IDEA Community Edition 2019.3.3\jbr\bin\server\jvm.dll
0x00007ffa08460000 - 0x00007ffa08503000 	C:\WINDOWS\System32\ADVAPI32.dll
0x00007ffa0a0d0000 - 0x00007ffa0a16e000 	C:\WINDOWS\System32\sechost.dll
0x00007ffa0a2b0000 - 0x00007ffa0a2b8000 	C:\WINDOWS\System32\PSAPI.DLL
0x00007ffa03990000 - 0x00007ffa03999000 	C:\WINDOWS\SYSTEM32\WSOCK32.dll
0x00007ff9f38c0000 - 0x00007ff9f38ca000 	C:\WINDOWS\SYSTEM32\VERSION.dll
0x00007ffa05170000 - 0x00007ffa05194000 	C:\WINDOWS\SYSTEM32\WINMM.dll
0x00007ffa08b10000 - 0x00007ffa08b7d000 	C:\WINDOWS\System32\WS2_32.dll
0x00007ffa05120000 - 0x00007ffa0514d000 	C:\WINDOWS\SYSTEM32\winmmbase.dll
0x00007ffa07d80000 - 0x00007ffa07dca000 	C:\WINDOWS\System32\cfgmgr32.dll
0x00007ffa06d70000 - 0x00007ffa06d81000 	C:\WINDOWS\System32\kernel.appcore.dll
0x00007ff9fc260000 - 0x00007ff9fc271000 	C:\Program Files\JetBrains\IntelliJ IDEA Community Edition 2019.3.3\jbr\bin\verify.dll
0x00007ff9f47f0000 - 0x00007ff9f49dd000 	C:\WINDOWS\SYSTEM32\DBGHELP.DLL
0x00007ff9f3870000 - 0x00007ff9f389a000 	C:\WINDOWS\SYSTEM32\dbgcore.DLL
0x00007ff9dcb20000 - 0x00007ff9dcb49000 	C:\Program Files\JetBrains\IntelliJ IDEA Community Edition 2019.3.3\jbr\bin\java.dll
0x00007ff9e8dc0000 - 0x00007ff9e8dd8000 	C:\Program Files\JetBrains\IntelliJ IDEA Community Edition 2019.3.3\jbr\bin\zip.dll
0x00007ffa03980000 - 0x00007ffa0398b000 	C:\Program Files\JetBrains\IntelliJ IDEA Community Edition 2019.3.3\jbr\bin\jimage.dll
0x00007ffa08bd0000 - 0x00007ffa0a0c4000 	C:\WINDOWS\System32\SHELL32.dll
0x00007ffa08260000 - 0x00007ffa08308000 	C:\WINDOWS\System32\shcore.dll
0x00007ffa07570000 - 0x00007ffa07cbd000 	C:\WINDOWS\System32\windows.storage.dll
0x00007ffa06d90000 - 0x00007ffa06db4000 	C:\WINDOWS\System32\profapi.dll
0x00007ffa06d10000 - 0x00007ffa06d6d000 	C:\WINDOWS\System32\powrprof.dll
0x00007ffa0abf0000 - 0x00007ffa0ac42000 	C:\WINDOWS\System32\shlwapi.dll
0x00007ffa07f00000 - 0x00007ffa07f17000 	C:\WINDOWS\System32\cryptsp.dll
0x00000250b7750000 - 0x00000250b7753000 	C:\Program Files\JetBrains\IntelliJ IDEA Community Edition 2019.3.3\jbr\bin\api-ms-win-core-console-l1-1-0.dll
0x00000250b7760000 - 0x00000250b7763000 	C:\Program Files\JetBrains\IntelliJ IDEA Community Edition 2019.3.3\jbr\bin\api-ms-win-core-datetime-l1-1-0.dll
0x00000250b7ad0000 - 0x00000250b7ad3000 	C:\Program Files\JetBrains\IntelliJ IDEA Community Edition 2019.3.3\jbr\bin\api-ms-win-core-debug-l1-1-0.dll
0x00000250b7ae0000 - 0x00000250b7ae3000 	C:\Program Files\JetBrains\IntelliJ IDEA Community Edition 2019.3.3\jbr\bin\api-ms-win-core-errorhandling-l1-1-0.dll
0x00000250b9890000 - 0x00000250b9894000 	C:\Program Files\JetBrains\IntelliJ IDEA Community Edition 2019.3.3\jbr\bin\api-ms-win-core-file-l1-1-0.dll
0x00000250b98a0000 - 0x00000250b98a3000 	C:\Program Files\JetBrains\IntelliJ IDEA Community Edition 2019.3.3\jbr\bin\api-ms-win-core-file-l1-2-0.dll
0x00000250b98b0000 - 0x00000250b98b3000 	C:\Program Files\JetBrains\IntelliJ IDEA Community Edition 2019.3.3\jbr\bin\api-ms-win-core-file-l2-1-0.dll
0x00000250b98c0000 - 0x00000250b98c3000 	C:\Program Files\JetBrains\IntelliJ IDEA Community Edition 2019.3.3\jbr\bin\api-ms-win-core-handle-l1-1-0.dll
0x00000250b98d0000 - 0x00000250b98d3000 	C:\Program Files\JetBrains\IntelliJ IDEA Community Edition 2019.3.3\jbr\bin\api-ms-win-core-heap-l1-1-0.dll
0x00000250b98e0000 - 0x00000250b98e3000 	C:\Program Files\JetBrains\IntelliJ IDEA Community Edition 2019.3.3\jbr\bin\api-ms-win-core-interlocked-l1-1-0.dll
0x00000250b98f0000 - 0x00000250b98f3000 	C:\Program Files\JetBrains\IntelliJ IDEA Community Edition 2019.3.3\jbr\bin\api-ms-win-core-libraryloader-l1-1-0.dll
0x00000250b9900000 - 0x00000250b9903000 	C:\Program Files\JetBrains\IntelliJ IDEA Community Edition 2019.3.3\jbr\bin\api-ms-win-core-localization-l1-2-0.dll
0x00000250d4f30000 - 0x00000250d4f33000 	C:\Program Files\JetBrains\IntelliJ IDEA Community Edition 2019.3.3\jbr\bin\api-ms-win-core-memory-l1-1-0.dll
0x00000250d4f40000 - 0x00000250d4f43000 	C:\Program Files\JetBrains\IntelliJ IDEA Community Edition 2019.3.3\jbr\bin\api-ms-win-core-namedpipe-l1-1-0.dll
0x00000250d4f50000 - 0x00000250d4f53000 	C:\Program Files\JetBrains\IntelliJ IDEA Community Edition 2019.3.3\jbr\bin\api-ms-win-core-processenvironment-l1-1-0.dll
0x00000250d4f60000 - 0x00000250d4f63000 	C:\Program Files\JetBrains\IntelliJ IDEA Community Edition 2019.3.3\jbr\bin\api-ms-win-core-processthreads-l1-1-0.dll
0x00000250d4f70000 - 0x00000250d4f73000 	C:\Program Files\JetBrains\IntelliJ IDEA Community Edition 2019.3.3\jbr\bin\api-ms-win-core-processthreads-l1-1-1.dll
0x00000250d4f80000 - 0x00000250d4f83000 	C:\Program Files\JetBrains\IntelliJ IDEA Community Edition 2019.3.3\jbr\bin\api-ms-win-core-profile-l1-1-0.dll
0x00000250d4f90000 - 0x00000250d4f93000 	C:\Program Files\JetBrains\IntelliJ IDEA Community Edition 2019.3.3\jbr\bin\api-ms-win-core-rtlsupport-l1-1-0.dll
0x00000250d4fa0000 - 0x00000250d4fa3000 	C:\Program Files\JetBrains\IntelliJ IDEA Community Edition 2019.3.3\jbr\bin\api-ms-win-core-string-l1-1-0.dll
0x00000250d4fb0000 - 0x00000250d4fb3000 	C:\Program Files\JetBrains\IntelliJ IDEA Community Edition 2019.3.3\jbr\bin\api-ms-win-core-synch-l1-1-0.dll
0x00000250d4fc0000 - 0x00000250d4fc3000 	C:\Program Files\JetBrains\IntelliJ IDEA Community Edition 2019.3.3\jbr\bin\api-ms-win-core-synch-l1-2-0.dll
0x00000250d4fd0000 - 0x00000250d4fd3000 	C:\Program Files\JetBrains\IntelliJ IDEA Community Edition 2019.3.3\jbr\bin\api-ms-win-core-sysinfo-l1-1-0.dll
0x00000250d4fe0000 - 0x00000250d4fe3000 	C:\Program Files\JetBrains\IntelliJ IDEA Community Edition 2019.3.3\jbr\bin\api-ms-win-core-timezone-l1-1-0.dll
0x00000250d4ff0000 - 0x00000250d4ff3000 	C:\Program Files\JetBrains\IntelliJ IDEA Community Edition 2019.3.3\jbr\bin\api-ms-win-core-util-l1-1-0.dll
0x00000250d5000000 - 0x00000250d5003000 	C:\Program Files\JetBrains\IntelliJ IDEA Community Edition 2019.3.3\jbr\bin\api-ms-win-crt-conio-l1-1-0.dll
0x00000250d5010000 - 0x00000250d5014000 	C:\Program Files\JetBrains\IntelliJ IDEA Community Edition 2019.3.3\jbr\bin\api-ms-win-crt-convert-l1-1-0.dll
0x00000250d5020000 - 0x00000250d5023000 	C:\Program Files\JetBrains\IntelliJ IDEA Community Edition 2019.3.3\jbr\bin\api-ms-win-crt-environment-l1-1-0.dll
0x00000250d5030000 - 0x00000250d5033000 	C:\Program Files\JetBrains\IntelliJ IDEA Community Edition 2019.3.3\jbr\bin\api-ms-win-crt-filesystem-l1-1-0.dll
0x00000250d5040000 - 0x00000250d5043000 	C:\Program Files\JetBrains\IntelliJ IDEA Community Edition 2019.3.3\jbr\bin\api-ms-win-crt-heap-l1-1-0.dll
0x00000250d5050000 - 0x00000250d5053000 	C:\Program Files\JetBrains\IntelliJ IDEA Community Edition 2019.3.3\jbr\bin\api-ms-win-crt-locale-l1-1-0.dll
0x00000250d5060000 - 0x00000250d5065000 	C:\Program Files\JetBrains\IntelliJ IDEA Community Edition 2019.3.3\jbr\bin\api-ms-win-crt-math-l1-1-0.dll
0x00000250d5070000 - 0x00000250d5075000 	C:\Program Files\JetBrains\IntelliJ IDEA Community Edition 2019.3.3\jbr\bin\api-ms-win-crt-multibyte-l1-1-0.dll
0x00000250d5080000 - 0x00000250d5090000 	C:\Program Files\JetBrains\IntelliJ IDEA Community Edition 2019.3.3\jbr\bin\api-ms-win-crt-private-l1-1-0.dll
0x00000250d5090000 - 0x00000250d5093000 	C:\Program Files\JetBrains\IntelliJ IDEA Community Edition 2019.3.3\jbr\bin\api-ms-win-crt-process-l1-1-0.dll
0x00000250d50a0000 - 0x00000250d50a4000 	C:\Program Files\JetBrains\IntelliJ IDEA Community Edition 2019.3.3\jbr\bin\api-ms-win-crt-runtime-l1-1-0.dll
0x00000250d50b0000 - 0x00000250d50b4000 	C:\Program Files\JetBrains\IntelliJ IDEA Community Edition 2019.3.3\jbr\bin\api-ms-win-crt-stdio-l1-1-0.dll
0x00000250d50c0000 - 0x00000250d50c4000 	C:\Program Files\JetBrains\IntelliJ IDEA Community Edition 2019.3.3\jbr\bin\api-ms-win-crt-string-l1-1-0.dll
0x00000250d50d0000 - 0x00000250d50d3000 	C:\Program Files\JetBrains\IntelliJ IDEA Community Edition 2019.3.3\jbr\bin\api-ms-win-crt-time-l1-1-0.dll
0x00000250d50e0000 - 0x00000250d50e3000 	C:\Program Files\JetBrains\IntelliJ IDEA Community Edition 2019.3.3\jbr\bin\api-ms-win-crt-utility-l1-1-0.dll
0x00007ff9ab710000 - 0x00007ff9ab80a000 	C:\Program Files\JetBrains\IntelliJ IDEA Community Edition 2019.3.3\jbr\bin\ucrtbase.dll
0x00007ff9cc4c0000 - 0x00007ff9cc512000 	C:\Windows\System32\concrt140.dll
0x00007ff9d1630000 - 0x00007ff9d1653000 	C:\Program Files\JetBrains\IntelliJ IDEA Community Edition 2019.3.3\jbr\bin\prism_d3d.dll
0x00007ff9d2aa0000 - 0x00007ff9d2c3e000 	C:\WINDOWS\system32\d3d9.dll
0x00007ffa055f0000 - 0x00007ffa0561e000 	C:\WINDOWS\SYSTEM32\dwmapi.dll
0x00007ffa07390000 - 0x00007ffa0756c000 	C:\WINDOWS\System32\CRYPT32.dll
0x00007ffa06cf0000 - 0x00007ffa06d02000 	C:\WINDOWS\System32\MSASN1.dll
0x00007ffa04f70000 - 0x00007ffa0500c000 	C:\WINDOWS\system32\uxtheme.dll
0x00007ff99f9b0000 - 0x00007ff9a041e000 	C:\WINDOWS\SYSTEM32\igdumdim64.dll
0x00007ff9fdd80000 - 0x00007ff9fe1df000 	C:\WINDOWS\SYSTEM32\igdusc64.dll
0x00007ff9d1510000 - 0x00007ff9d1555000 	C:\Program Files\JetBrains\IntelliJ IDEA Community Edition 2019.3.3\jbr\bin\glass.dll
0x00007ffa08330000 - 0x00007ffa08457000 	C:\WINDOWS\System32\COMDLG32.dll
0x00007ffa08510000 - 0x00007ffa08665000 	C:\WINDOWS\System32\ole32.dll
0x00007ffa08a40000 - 0x00007ffa08b04000 	C:\WINDOWS\System32\OLEAUT32.dll
0x00007ffa0aa20000 - 0x00007ffa0ab8b000 	C:\WINDOWS\System32\MSCTF.dll
0x00007ff9e46c0000 - 0x00007ff9e46da000 	C:\Program Files\JetBrains\IntelliJ IDEA Community Edition 2019.3.3\jbr\bin\net.dll
0x00007ff9f8b70000 - 0x00007ff9f8c62000 	C:\WINDOWS\SYSTEM32\WINHTTP.dll
0x00007ffa06560000 - 0x00007ffa065c7000 	C:\WINDOWS\system32\mswsock.dll
0x00007ff9d7d70000 - 0x00007ff9d7d84000 	C:\Program Files\JetBrains\IntelliJ IDEA Community Edition 2019.3.3\jbr\bin\nio.dll
0x00007ff9d0f30000 - 0x00007ff9d0f44000 	C:\Program Files\JetBrains\IntelliJ IDEA Community Edition 2019.3.3\jbr\bin\javafx_font.dll
0x00007ff9d4430000 - 0x00007ff9d45d1000 	C:\Program Files\JetBrains\IntelliJ IDEA Community Edition 2019.3.3\jbr\bin\awt.dll
0x00007ffa04e40000 - 0x00007ffa04ecc000 	C:\WINDOWS\SYSTEM32\apphelp.dll
0x00007ff9d4af0000 - 0x00007ff9d4b75000 	C:\Program Files\JetBrains\IntelliJ IDEA Community Edition 2019.3.3\jbr\bin\freetype.dll
0x00007ff9d4380000 - 0x00007ff9d4428000 	C:\Program Files\JetBrains\IntelliJ IDEA Community Edition 2019.3.3\jbr\bin\fontmanager.dll
0x00007ff9ed0c0000 - 0x00007ff9ed3bc000 	C:\WINDOWS\SYSTEM32\dwrite.dll
0x00007ffa0a170000 - 0x00007ffa0a212000 	C:\WINDOWS\System32\clbcatq.dll
0x00007ffa014d0000 - 0x00007ffa01688000 	C:\WINDOWS\SYSTEM32\WindowsCodecs.dll
0x00007ff9e05d0000 - 0x00007ff9e0626000 	C:\WINDOWS\system32\dataexchange.dll
0x00007ffa03ec0000 - 0x00007ffa0413e000 	C:\WINDOWS\system32\d3d11.dll
0x00007ffa04700000 - 0x00007ffa048c3000 	C:\WINDOWS\system32\dcomp.dll
0x00007ffa05af0000 - 0x00007ffa05bb2000 	C:\WINDOWS\system32\dxgi.dll
0x00007ffa05390000 - 0x00007ffa0559d000 	C:\WINDOWS\system32\twinapi.appcore.dll
0x00007ffa055a0000 - 0x00007ffa055c8000 	C:\WINDOWS\system32\RMCLIENT.dll
0x00007ff9d36b0000 - 0x00007ff9d36e3000 	C:\Program Files\Common Files\Microsoft Shared\Ink\rtscom.dll
0x00007ff9f85c0000 - 0x00007ff9f8655000 	C:\WINDOWS\System32\TextInputFramework.dll
0x00007ffa04c30000 - 0x00007ffa04d12000 	C:\WINDOWS\System32\CoreMessaging.dll
0x00007ffa019d0000 - 0x00007ffa01cf2000 	C:\WINDOWS\System32\CoreUIComponents.dll
0x00007ffa02b10000 - 0x00007ffa02c63000 	C:\WINDOWS\SYSTEM32\wintypes.dll
0x00007ffa05d60000 - 0x00007ffa05d91000 	C:\WINDOWS\SYSTEM32\ntmarta.dll
0x00007ffa04140000 - 0x00007ffa046fe000 	C:\WINDOWS\SYSTEM32\d2d1.dll
0x00007ff9b6110000 - 0x00007ff9b684b000 	C:\WINDOWS\SYSTEM32\D3D10Warp.dll

dbghelp: loaded successfully - version: 4.0.5 - missing functions: none
symbol engine: initialized successfully - sym options: 0x614 - pdb path: .;C:\Program Files\JetBrains\IntelliJ IDEA Community Edition 2019.3.3\jbr\bin;C:\WINDOWS\SYSTEM32;C:\WINDOWS\WinSxS\amd64_microsoft.windows.common-controls_6595b64144ccf1df_6.0.17763.1158_none_de722d88534a897f;C:\Program Files\JetBrains\IntelliJ IDEA Community Edition 2019.3.3\jbr\bin\server;C:\Program Files\Common Files\Microsoft Shared\Ink

VM Arguments:
jvm_args: -Dfile.encoding=windows-1252 -Duser.country=GB -Duser.language=en -Duser.variant 
java_command: oop.Peaklass
java_class_path (initial): C:\OOP-ruhmatoo2\OOP-R1\graafikaversioon\build\classes\java\main;C:\OOP-ruhmatoo2\OOP-R1\graafikaversioon\build\resources\main;C:\Users\Elis\.gradle\caches\modules-2\files-2.1\org.openjfx\javafx-fxml\11.0.2\b3242e4c031558574de2a1da685bb5fcdbb8a530\javafx-fxml-11.0.2-win.jar;C:\Users\Elis\.gradle\caches\modules-2\files-2.1\org.openjfx\javafx-controls\11.0.2\6c763707769c18adce406904c771c2ad1fcc370b\javafx-controls-11.0.2-win.jar;C:\Users\Elis\.gradle\caches\modules-2\files-2.1\org.openjfx\javafx-controls\11.0.2\4ab633cf1eea60f76e2ae9905aedac862da88b08\javafx-controls-11.0.2.jar;C:\Users\Elis\.gradle\caches\modules-2\files-2.1\org.openjfx\javafx-graphics\11.0.2\20459ea2cf714942bcbeb78a7f70ba3531dc1a44\javafx-graphics-11.0.2-win.jar;C:\Users\Elis\.gradle\caches\modules-2\files-2.1\org.openjfx\javafx-graphics\11.0.2\e522eb4ea422eceeee207b1c266ba3db19b2343a\javafx-graphics-11.0.2.jar;C:\Users\Elis\.gradle\caches\modules-2\files-2.1\org.openjfx\javafx-base\11.0.2\1852e57b8cf9a9b6488c33605bccd5d06ff210e1\javafx-base-11.0.2-win.jar;C:\Users\Elis\.gradle\caches\modules-2\files-2.1\org.openjfx\javafx-base\11.0.2\7fb2e4a8528ec9e434a9ac9ee98b39af79e6dcb8\javafx-base-11.0.2.jar
Launcher Type: SUN_STANDARD

[Global flags]
     intx CICompilerCount                          = 3                                         {product} {ergonomic}
     uint ConcGCThreads                            = 1                                         {product} {ergonomic}
     uint G1ConcRefinementThreads                  = 4                                         {product} {ergonomic}
   size_t G1HeapRegionSize                         = 1048576                                   {product} {ergonomic}
    uintx GCDrainStackTargetSize                   = 64                                        {product} {ergonomic}
   size_t InitialHeapSize                          = 132120576                                 {product} {ergonomic}
   size_t MarkStackSize                            = 4194304                                   {product} {ergonomic}
   size_t MaxHeapSize                              = 2113929216                                {product} {ergonomic}
   size_t MaxNewSize                               = 1267728384                                {product} {ergonomic}
   size_t MinHeapDeltaBytes                        = 1048576                                   {product} {ergonomic}
    uintx NonNMethodCodeHeapSize                   = 5830732                                {pd product} {ergonomic}
    uintx NonProfiledCodeHeapSize                  = 122913754                              {pd product} {ergonomic}
    uintx ProfiledCodeHeapSize                     = 122913754                              {pd product} {ergonomic}
    uintx ReservedCodeCacheSize                    = 251658240                              {pd product} {ergonomic}
     bool SegmentedCodeCache                       = true                                      {product} {ergonomic}
     bool UseCompressedClassPointers               = true                                 {lp64_product} {ergonomic}
     bool UseCompressedOops                        = true                                 {lp64_product} {ergonomic}
     bool UseG1GC                                  = true                                      {product} {ergonomic}
     bool UseLargePagesIndividualAllocation        = false                                  {pd product} {ergonomic}

Logging:
Log output configuration:
 #0: stdout all=warning uptime,level,tags
 #1: stderr all=off uptime,level,tags

Environment Variables:
PATH=C:\Program Files\ImageMagick-7.0.8-Q16;C:\Program Files (x86)\Intel\iCLS Client\;C:\Program Files\Intel\iCLS Client\;C:\WINDOWS\system32;C:\WINDOWS;C:\WINDOWS\System32\Wbem;C:\WINDOWS\System32\WindowsPowerShell\v1.0\;C:\WINDOWS\System32\OpenSSH\;C:\Program Files\Intel\Intel(R) Management Engine Components\DAL;C:\Program Files\Intel\Intel(R) Management Engine Components\IPT;C:\Program Files (x86)\Intel\Intel(R) Management Engine Components\DAL;C:\Program Files (x86)\Intel\Intel(R) Management Engine Components\IPT;C:\Program Files (x86)\IDEMIA\AWP\Dlls;C:\Program Files\IDEMIA\AWP\Dlls;C:\Users\Elis\OneDrive\LIKOOL\proge\environments\progeprojekt.env\Scripts;C:\Program Files\CMake\bin;C:\Users\Elis\AppData\Local\Programs\Python\Python37\python.exe;C:\Program Files\gnuplot\bin\wgnuplot.exe;C:\Program Files\jdk-11.0.6\bin;C:\Program Files\SQL Anywhere 17\bin64;C:\Program Files\SQL Anywhere 17\bin32;C:\Users\Elis\AppData\Local\Programs\Python\Python36\Scripts\;C:\Users\Elis\AppData\Local\Programs\Python\Python36\;C:\Users\Elis\AppData\Local\Programs\Python\Python37\Scripts\;C:\Users\Elis\AppData\Local\Programs\Python\Python37\;C:\Program Files\ImageMagick-7.0.8-Q16;C:\Program Files (x86)\Intel\iCLS Client\;C:\Program Files\Intel\iCLS Client\;C:\WINDOWS\system32;C:\WINDOWS;C:\WINDOWS\System32\Wbem;C:\WINDOWS\System32\WindowsPowerShell\v1.0\;C:\WINDOWS\System32\OpenSSH\;C:\Program Files\Intel\Intel(R) Management Engine Components\DAL;C:\Program Files\Intel\Intel(R) Management Engine Components\IPT;C:\Program Files (x86)\Intel\Intel(R) Management Engine Components\DAL;C:\Program Files (x86)\Intel\Intel(R) Management Engine Components\IPT;C:\Program Files (x86)\IDEMIA\AWP\Dlls;C:\Program Files\IDEMIA\AWP\Dlls;C:\Users\Elis\AppData\Local\Programs\Python\Python37-32;C:\Users\Elis\AppData\Local\Microsoft\WindowsApps;C:\Users\Elis\AppData\Local\Programs\MiKTeX 2.9\miktex\bin\x64\;C:\Users\Elis\AppData\Local\Programs\Microsoft VS Code\bin;C:\Users\Elis\OneDrive\LIKOOL\proge\ve
USERNAME=Elis
OS=Windows_NT
PROCESSOR_IDENTIFIER=Intel64 Family 6 Model 58 Stepping 9, GenuineIntel



---------------  S Y S T E M  ---------------

OS: Windows 10 , 64 bit Build 17763 (10.0.17763.1158)

CPU:total 4 (initial active 4) (2 cores per cpu, 2 threads per core) family 6 model 58 stepping 9, cmov, cx8, fxsr, mmx, sse, sse2, sse3, ssse3, sse4.1, sse4.2, popcnt, avx, aes, clmul, erms, ht, tsc, tscinvbit, tscinv

Memory: 4k page, system-wide physical 8059M (1473M free)
TotalPageFile size 14020M (AvailPageFile size 2144M)
current process WorkingSet (physical memory assigned to process): 176M, peak: 206M
current process commit charge ("private bytes"): 279M, peak: 310M

vm_info: OpenJDK 64-Bit Server VM (11.0.6+8-b520.43) for windows-amd64 JRE (11.0.6+8-b520.43), built on Feb  3 2020 14:18:56 by "" with MS VC++ 14.0 (VS2015)

END.
